<?xml version="1.0" encoding="UTF-8"?>
<coverage generated="1296086950">
  <project timestamp="1296086950">
    <file name="/home/ronan/workspace/GITHUB/rgWebChecker/src/checker/classes/benchmarksuite.php">
      <class name="chkBenchmarkSuite" namespace="global" fullPackage="WebChecker" package="WebChecker">
        <metrics methods="7" coveredmethods="7" conditionals="0" coveredconditionals="0" statements="41" coveredstatements="41" elements="48" coveredelements="48"/>
      </class>
      <line num="0" type="stmt" count="15"/>
      <line num="20" type="stmt" count="1"/>
      <line num="33" type="method" name="__construct" crap="1" count="15"/>
      <line num="35" type="stmt" count="15"/>
      <line num="36" type="stmt" count="15"/>
      <line num="45" type="method" name="__get" crap="2" count="8"/>
      <line num="47" type="stmt" count="8"/>
      <line num="48" type="stmt" count="8"/>
      <line num="49" type="stmt" count="7"/>
      <line num="51" type="stmt" count="1"/>
      <line num="62" type="method" name="__set" crap="3" count="15"/>
      <line num="66" type="stmt" count="15"/>
      <line num="67" type="stmt" count="15"/>
      <line num="68" type="stmt" count="15"/>
      <line num="69" type="stmt" count="1"/>
      <line num="71" type="stmt" count="15"/>
      <line num="72" type="stmt" count="15"/>
      <line num="73" type="stmt" count="1"/>
      <line num="74" type="stmt" count="1"/>
      <line num="75" type="stmt" count="1"/>
      <line num="76" type="stmt" count="15"/>
      <line num="85" type="method" name="__isset" crap="1" count="1"/>
      <line num="87" type="stmt" count="1"/>
      <line num="95" type="method" name="__toString" crap="1" count="1"/>
      <line num="97" type="stmt" count="1"/>
      <line num="104" type="method" name="add" crap="3" count="7"/>
      <line num="107" type="stmt" count="7"/>
      <line num="108" type="stmt" count="7"/>
      <line num="109" type="stmt" count="1"/>
      <line num="112" type="stmt" count="6"/>
      <line num="113" type="stmt" count="6"/>
      <line num="115" type="stmt" count="6"/>
      <line num="116" type="stmt" count="6"/>
      <line num="117" type="stmt" count="6"/>
      <line num="120" type="stmt" count="5"/>
      <line num="121" type="stmt" count="5"/>
      <line num="122" type="stmt" count="5"/>
      <line num="130" type="method" name="run" crap="4" count="4"/>
      <line num="132" type="stmt" count="4"/>
      <line num="133" type="stmt" count="4"/>
      <line num="134" type="stmt" count="4"/>
      <line num="135" type="stmt" count="1"/>
      <line num="137" type="stmt" count="1"/>
      <line num="138" type="stmt" count="1"/>
      <line num="139" type="stmt" count="1"/>
      <line num="140" type="stmt" count="4"/>
      <line num="141" type="stmt" count="4"/>
      <line num="142" type="stmt" count="4"/>
      <line num="143" type="stmt" count="4"/>
      <line num="144" type="stmt" count="4"/>
      <line num="146" type="stmt" count="1"/>
      <metrics loc="145" ncloc="80" classes="1" methods="7" coveredmethods="7" conditionals="0" coveredconditionals="0" statements="44" coveredstatements="44" elements="51" coveredelements="51"/>
    </file>
    <file name="/home/ronan/workspace/GITHUB/rgWebChecker/src/checker/classes/exceptions.php">
      <class name="chkGlobalException" namespace="global" fullPackage="WebChecker" package="WebChecker">
        <metrics methods="3" coveredmethods="2" conditionals="0" coveredconditionals="0" statements="18" coveredstatements="4" elements="21" coveredelements="6"/>
      </class>
      <class name="chkEmptyOptionsCheckException" namespace="global">
        <metrics methods="0" coveredmethods="0" conditionals="0" coveredconditionals="0" statements="0" coveredstatements="0" elements="0" coveredelements="0"/>
      </class>
      <class name="chkMissingOptionsCheckException" namespace="global">
        <metrics methods="0" coveredmethods="0" conditionals="0" coveredconditionals="0" statements="0" coveredstatements="0" elements="0" coveredelements="0"/>
      </class>
      <class name="chkMissingParameterCheckException" namespace="global">
        <metrics methods="0" coveredmethods="0" conditionals="0" coveredconditionals="0" statements="0" coveredstatements="0" elements="0" coveredelements="0"/>
      </class>
      <class name="chkMissingPHPExtensionCheckException" namespace="global">
        <metrics methods="0" coveredmethods="0" conditionals="0" coveredconditionals="0" statements="0" coveredstatements="0" elements="0" coveredelements="0"/>
      </class>
      <class name="chkFilterVarException" namespace="global">
        <metrics methods="0" coveredmethods="0" conditionals="0" coveredconditionals="0" statements="0" coveredstatements="0" elements="0" coveredelements="0"/>
      </class>
      <class name="chkSiteAccessCrawlerException" namespace="global">
        <metrics methods="0" coveredmethods="0" conditionals="0" coveredconditionals="0" statements="0" coveredstatements="0" elements="0" coveredelements="0"/>
      </class>
      <class name="chkPermissionsCheckException" namespace="global">
        <metrics methods="0" coveredmethods="0" conditionals="0" coveredconditionals="0" statements="0" coveredstatements="0" elements="0" coveredelements="0"/>
      </class>
      <class name="chkExternalCheckException" namespace="global">
        <metrics methods="0" coveredmethods="0" conditionals="0" coveredconditionals="0" statements="0" coveredstatements="0" elements="0" coveredelements="0"/>
      </class>
      <class name="chkW3CPearCheckException" namespace="global">
        <metrics methods="0" coveredmethods="0" conditionals="0" coveredconditionals="0" statements="0" coveredstatements="0" elements="0" coveredelements="0"/>
      </class>
      <class name="chkSEOCheckException" namespace="global">
        <metrics methods="0" coveredmethods="0" conditionals="0" coveredconditionals="0" statements="0" coveredstatements="0" elements="0" coveredelements="0"/>
      </class>
      <class name="chkMetaCheckException" namespace="global">
        <metrics methods="0" coveredmethods="0" conditionals="0" coveredconditionals="0" statements="0" coveredstatements="0" elements="0" coveredelements="0"/>
      </class>
      <class name="chkNoDebugCheckException" namespace="global">
        <metrics methods="0" coveredmethods="0" conditionals="0" coveredconditionals="0" statements="0" coveredstatements="0" elements="0" coveredelements="0"/>
      </class>
      <class name="chkModuleViewPolicyCheckException" namespace="global">
        <metrics methods="0" coveredmethods="0" conditionals="0" coveredconditionals="0" statements="0" coveredstatements="0" elements="0" coveredelements="0"/>
      </class>
      <class name="chkSettingsCheckException" namespace="global">
        <metrics methods="0" coveredmethods="0" conditionals="0" coveredconditionals="0" statements="0" coveredstatements="0" elements="0" coveredelements="0"/>
      </class>
      <class name="chkTooLongLogsCheckException" namespace="global">
        <metrics methods="0" coveredmethods="0" conditionals="0" coveredconditionals="0" statements="0" coveredstatements="0" elements="0" coveredelements="0"/>
      </class>
      <class name="chkeZDBIntegrityCheckException" namespace="global">
        <metrics methods="0" coveredmethods="0" conditionals="0" coveredconditionals="0" statements="0" coveredstatements="0" elements="0" coveredelements="0"/>
      </class>
      <class name="chkSysInfoCheckException" namespace="global">
        <metrics methods="0" coveredmethods="0" conditionals="0" coveredconditionals="0" statements="0" coveredstatements="0" elements="0" coveredelements="0"/>
      </class>
      <class name="chkGoogleCheckException" namespace="global">
        <metrics methods="0" coveredmethods="0" conditionals="0" coveredconditionals="0" statements="0" coveredstatements="0" elements="0" coveredelements="0"/>
      </class>
      <class name="chkWebsite2dot0CheckException" namespace="global">
        <metrics methods="0" coveredmethods="0" conditionals="0" coveredconditionals="0" statements="0" coveredstatements="0" elements="0" coveredelements="0"/>
      </class>
      <class name="chkPerformanceCheckException" namespace="global">
        <metrics methods="0" coveredmethods="0" conditionals="0" coveredconditionals="0" statements="0" coveredstatements="0" elements="0" coveredelements="0"/>
      </class>
      <class name="chkRedirectCheckException" namespace="global">
        <metrics methods="0" coveredmethods="0" conditionals="0" coveredconditionals="0" statements="0" coveredstatements="0" elements="0" coveredelements="0"/>
      </class>
      <class name="chkCanonicalCheckException" namespace="global">
        <metrics methods="0" coveredmethods="0" conditionals="0" coveredconditionals="0" statements="0" coveredstatements="0" elements="0" coveredelements="0"/>
      </class>
      <class name="chkTmpDirSizeCheckException" namespace="global">
        <metrics methods="0" coveredmethods="0" conditionals="0" coveredconditionals="0" statements="0" coveredstatements="0" elements="0" coveredelements="0"/>
      </class>
      <class name="chkGenerateCheckSummaryException" namespace="global">
        <metrics methods="0" coveredmethods="0" conditionals="0" coveredconditionals="0" statements="0" coveredstatements="0" elements="0" coveredelements="0"/>
      </class>
      <line num="14" type="stmt" count="1"/>
      <line num="15" type="stmt" count="1"/>
      <line num="24" type="stmt" count="1"/>
      <line num="25" type="method" name="__construct" crap="1" count="5"/>
      <line num="26" type="stmt" count="5"/>
      <line num="27" type="stmt" count="5"/>
      <line num="28" type="stmt" count="5"/>
      <line num="34" type="method" name="longTrace" crap="6" count="0"/>
      <line num="36" type="stmt" count="0"/>
      <line num="39" type="stmt" count="0"/>
      <line num="40" type="stmt" count="0"/>
      <line num="41" type="stmt" count="0"/>
      <line num="42" type="stmt" count="0"/>
      <line num="43" type="stmt" count="0"/>
      <line num="44" type="stmt" count="0"/>
      <line num="45" type="stmt" count="0"/>
      <line num="47" type="stmt" count="0"/>
      <line num="48" type="stmt" count="0"/>
      <line num="49" type="stmt" count="0"/>
      <line num="50" type="stmt" count="0"/>
      <line num="51" type="stmt" count="0"/>
      <line num="52" type="stmt" count="0"/>
      <line num="55" type="method" name="shortTrace" crap="1" count="5"/>
      <line num="57" type="stmt" count="5"/>
      <line num="66" type="stmt" count="8"/>
      <line num="67" type="stmt" count="8"/>
      <line num="68" type="stmt" count="8"/>
      <line num="69" type="stmt" count="8"/>
      <line num="70" type="stmt" count="8"/>
      <line num="71" type="stmt" count="0"/>
      <line num="72" type="stmt" count="0"/>
      <line num="73" type="stmt" count="8"/>
      <line num="74" type="stmt" count="8"/>
      <line num="75" type="stmt" count="8"/>
      <line num="76" type="stmt" count="8"/>
      <line num="77" type="stmt" count="8"/>
      <line num="78" type="stmt" count="8"/>
      <line num="79" type="stmt" count="8"/>
      <line num="83" type="stmt" count="1"/>
      <line num="84" type="stmt" count="1"/>
      <line num="85" type="stmt" count="1"/>
      <line num="86" type="stmt" count="1"/>
      <line num="87" type="stmt" count="1"/>
      <line num="88" type="stmt" count="1"/>
      <line num="89" type="stmt" count="1"/>
      <line num="90" type="stmt" count="1"/>
      <line num="91" type="stmt" count="1"/>
      <line num="92" type="stmt" count="1"/>
      <line num="93" type="stmt" count="1"/>
      <line num="94" type="stmt" count="1"/>
      <line num="95" type="stmt" count="1"/>
      <line num="96" type="stmt" count="1"/>
      <line num="97" type="stmt" count="1"/>
      <line num="98" type="stmt" count="1"/>
      <line num="99" type="stmt" count="1"/>
      <line num="100" type="stmt" count="1"/>
      <line num="101" type="stmt" count="1"/>
      <line num="102" type="stmt" count="1"/>
      <line num="103" type="stmt" count="1"/>
      <line num="104" type="stmt" count="1"/>
      <line num="105" type="stmt" count="1"/>
      <line num="106" type="stmt" count="1"/>
      <line num="108" type="stmt" count="1"/>
      <metrics loc="107" ncloc="82" classes="25" methods="3" coveredmethods="2" conditionals="0" coveredconditionals="0" statements="60" coveredstatements="44" elements="63" coveredelements="46"/>
    </file>
    <file name="/home/ronan/workspace/GITHUB/rgWebChecker/src/checker/classes/process.php">
      <class name="chkProcess" namespace="global" fullPackage="WebChecker" package="WebChecker">
        <metrics methods="7" coveredmethods="7" conditionals="0" coveredconditionals="0" statements="34" coveredstatements="34" elements="41" coveredelements="41"/>
      </class>
      <line num="0" type="stmt" count="10"/>
      <line num="20" type="stmt" count="1"/>
      <line num="33" type="method" name="__construct" crap="1" count="10"/>
      <line num="36" type="stmt" count="10"/>
      <line num="45" type="method" name="__get" crap="2" count="3"/>
      <line num="47" type="stmt" count="3"/>
      <line num="48" type="stmt" count="3"/>
      <line num="49" type="stmt" count="2"/>
      <line num="51" type="stmt" count="1"/>
      <line num="62" type="method" name="__set" crap="5" count="8"/>
      <line num="66" type="stmt" count="8"/>
      <line num="67" type="stmt" count="6"/>
      <line num="68" type="stmt" count="6"/>
      <line num="69" type="stmt" count="1"/>
      <line num="71" type="stmt" count="5"/>
      <line num="72" type="stmt" count="5"/>
      <line num="73" type="stmt" count="3"/>
      <line num="74" type="stmt" count="2"/>
      <line num="75" type="stmt" count="2"/>
      <line num="76" type="stmt" count="1"/>
      <line num="78" type="stmt" count="1"/>
      <line num="79" type="stmt" count="1"/>
      <line num="80" type="stmt" count="1"/>
      <line num="81" type="stmt" count="1"/>
      <line num="82" type="stmt" count="1"/>
      <line num="83" type="stmt" count="5"/>
      <line num="92" type="method" name="__isset" crap="1" count="1"/>
      <line num="94" type="stmt" count="1"/>
      <line num="102" type="method" name="__toString" crap="1" count="1"/>
      <line num="104" type="stmt" count="1"/>
      <line num="111" type="method" name="setUp" crap="1" count="2"/>
      <line num="114" type="stmt" count="2"/>
      <line num="115" type="stmt" count="2"/>
      <line num="116" type="stmt" count="2"/>
      <line num="117" type="stmt" count="2"/>
      <line num="118" type="stmt" count="2"/>
      <line num="124" type="method" name="run" crap="2" count="2"/>
      <line num="127" type="stmt" count="2"/>
      <line num="128" type="stmt" count="2"/>
      <line num="129" type="stmt" count="2"/>
      <line num="131" type="stmt" count="2"/>
      <line num="132" type="stmt" count="2"/>
      <line num="133" type="stmt" count="2"/>
      <line num="137" type="stmt" count="1"/>
      <metrics loc="136" ncloc="74" classes="1" methods="7" coveredmethods="7" conditionals="0" coveredconditionals="0" statements="37" coveredstatements="37" elements="44" coveredelements="44"/>
    </file>
    <file name="/home/ronan/workspace/GITHUB/rgWebChecker/src/checker/classes/structurioptions.php">
      <class name="chkStructUriOptions" namespace="global" fullPackage="WebChecker" package="WebChecker">
        <metrics methods="1" coveredmethods="1" conditionals="0" coveredconditionals="0" statements="15" coveredstatements="15" elements="16" coveredelements="16"/>
      </class>
      <line num="21" type="stmt" count="1"/>
      <line num="108" type="method" name="__construct" crap="13" count="20"/>
      <line num="121" type="stmt" count="20"/>
      <line num="122" type="stmt" count="20"/>
      <line num="123" type="stmt" count="20"/>
      <line num="124" type="stmt" count="20"/>
      <line num="125" type="stmt" count="20"/>
      <line num="126" type="stmt" count="20"/>
      <line num="127" type="stmt" count="20"/>
      <line num="129" type="stmt" count="20"/>
      <line num="130" type="stmt" count="20"/>
      <line num="131" type="stmt" count="4"/>
      <line num="132" type="stmt" count="4"/>
      <line num="134" type="stmt" count="20"/>
      <line num="135" type="stmt" count="20"/>
      <line num="136" type="stmt" count="20"/>
      <line num="137" type="stmt" count="20"/>
      <line num="140" type="stmt" count="1"/>
      <metrics loc="139" ncloc="57" classes="1" methods="1" coveredmethods="1" conditionals="0" coveredconditionals="0" statements="17" coveredstatements="17" elements="18" coveredelements="18"/>
    </file>
    <file name="/home/ronan/workspace/GITHUB/rgWebChecker/src/checker/extensions/demo.php">
      <class name="chkBenchmarkDemo" namespace="global" fullPackage="WebChecker" package="WebChecker">
        <metrics methods="7" coveredmethods="7" conditionals="0" coveredconditionals="0" statements="22" coveredstatements="22" elements="29" coveredelements="29"/>
      </class>
      <line num="0" type="stmt" count="14"/>
      <line num="20" type="stmt" count="1"/>
      <line num="33" type="method" name="__construct" crap="1" count="14"/>
      <line num="35" type="stmt" count="14"/>
      <line num="36" type="stmt" count="14"/>
      <line num="45" type="method" name="__get" crap="2" count="2"/>
      <line num="47" type="stmt" count="2"/>
      <line num="48" type="stmt" count="2"/>
      <line num="49" type="stmt" count="1"/>
      <line num="51" type="stmt" count="1"/>
      <line num="62" type="method" name="__set" crap="3" count="14"/>
      <line num="66" type="stmt" count="14"/>
      <line num="67" type="stmt" count="14"/>
      <line num="68" type="stmt" count="14"/>
      <line num="69" type="stmt" count="1"/>
      <line num="71" type="stmt" count="14"/>
      <line num="72" type="stmt" count="14"/>
      <line num="73" type="stmt" count="1"/>
      <line num="74" type="stmt" count="1"/>
      <line num="75" type="stmt" count="1"/>
      <line num="76" type="stmt" count="14"/>
      <line num="85" type="method" name="__isset" crap="1" count="1"/>
      <line num="87" type="stmt" count="1"/>
      <line num="95" type="method" name="__toString" crap="1" count="2"/>
      <line num="97" type="stmt" count="2"/>
      <line num="104" type="method" name="setUp" crap="1" count="1"/>
      <line num="107" type="stmt" count="1"/>
      <line num="113" type="method" name="run" crap="1" count="5"/>
      <line num="115" type="stmt" count="5"/>
      <line num="116" type="stmt" count="5"/>
      <line num="117" type="stmt" count="5"/>
      <line num="120" type="stmt" count="1"/>
      <metrics loc="119" ncloc="57" classes="1" methods="7" coveredmethods="7" conditionals="0" coveredconditionals="0" statements="25" coveredstatements="25" elements="32" coveredelements="32"/>
    </file>
    <file name="/home/ronan/workspace/GITHUB/rgWebChecker/src/checker/extensions/uri.php">
      <class name="chkBenchmarkUri" namespace="global" fullPackage="WebChecker" package="WebChecker">
        <metrics methods="9" coveredmethods="9" conditionals="0" coveredconditionals="0" statements="106" coveredstatements="106" elements="115" coveredelements="115"/>
      </class>
      <line num="0" type="stmt" count="20"/>
      <line num="20" type="stmt" count="1"/>
      <line num="33" type="method" name="__construct" crap="1" count="20"/>
      <line num="35" type="stmt" count="20"/>
      <line num="36" type="stmt" count="20"/>
      <line num="45" type="method" name="__get" crap="2" count="10"/>
      <line num="47" type="stmt" count="10"/>
      <line num="48" type="stmt" count="10"/>
      <line num="49" type="stmt" count="9"/>
      <line num="51" type="stmt" count="1"/>
      <line num="62" type="method" name="__set" crap="5" count="20"/>
      <line num="66" type="stmt" count="20"/>
      <line num="67" type="stmt" count="20"/>
      <line num="68" type="stmt" count="20"/>
      <line num="69" type="stmt" count="1"/>
      <line num="71" type="stmt" count="20"/>
      <line num="72" type="stmt" count="20"/>
      <line num="73" type="stmt" count="10"/>
      <line num="74" type="stmt" count="9"/>
      <line num="75" type="stmt" count="9"/>
      <line num="76" type="stmt" count="1"/>
      <line num="78" type="stmt" count="8"/>
      <line num="79" type="stmt" count="8"/>
      <line num="80" type="stmt" count="1"/>
      <line num="81" type="stmt" count="1"/>
      <line num="82" type="stmt" count="1"/>
      <line num="83" type="stmt" count="20"/>
      <line num="92" type="method" name="__isset" crap="1" count="12"/>
      <line num="94" type="stmt" count="12"/>
      <line num="102" type="method" name="__toString" crap="1" count="6"/>
      <line num="104" type="stmt" count="6"/>
      <line num="113" type="method" name="setUp" crap="8" count="8"/>
      <line num="115" type="stmt" count="8"/>
      <line num="116" type="stmt" count="8"/>
      <line num="118" type="stmt" count="8"/>
      <line num="119" type="stmt" count="8"/>
      <line num="120" type="stmt" count="8"/>
      <line num="121" type="stmt" count="8"/>
      <line num="122" type="stmt" count="8"/>
      <line num="123" type="stmt" count="8"/>
      <line num="126" type="stmt" count="8"/>
      <line num="127" type="stmt" count="8"/>
      <line num="128" type="stmt" count="6"/>
      <line num="129" type="stmt" count="6"/>
      <line num="130" type="stmt" count="8"/>
      <line num="131" type="stmt" count="8"/>
      <line num="132" type="stmt" count="8"/>
      <line num="133" type="stmt" count="8"/>
      <line num="134" type="stmt" count="8"/>
      <line num="135" type="stmt" count="8"/>
      <line num="136" type="stmt" count="8"/>
      <line num="137" type="stmt" count="8"/>
      <line num="138" type="stmt" count="8"/>
      <line num="140" type="stmt" count="8"/>
      <line num="147" type="method" name="run" crap="4" count="11"/>
      <line num="149" type="stmt" count="11"/>
      <line num="150" type="stmt" count="11"/>
      <line num="151" type="stmt" count="4"/>
      <line num="153" type="stmt" count="8"/>
      <line num="154" type="stmt" count="8"/>
      <line num="180" type="stmt" count="8"/>
      <line num="181" type="stmt" count="8"/>
      <line num="189" type="method" name="acceptablesHttpCodes" crap="1" count="7"/>
      <line num="192" type="stmt" count="7"/>
      <line num="193" type="stmt" count="7"/>
      <line num="194" type="stmt" count="7"/>
      <line num="195" type="stmt" count="7"/>
      <line num="209" type="method" name="checkUrl" crap="8" count="8"/>
      <line num="210" type="stmt" count="8"/>
      <line num="211" type="stmt" count="8"/>
      <line num="212" type="stmt" count="7"/>
      <line num="213" type="stmt" count="7"/>
      <line num="214" type="stmt" count="8"/>
      <line num="215" type="stmt" count="1"/>
      <line num="217" type="stmt" count="7"/>
      <line num="218" type="stmt" count="7"/>
      <line num="219" type="stmt" count="7"/>
      <line num="220" type="stmt" count="7"/>
      <line num="221" type="stmt" count="7"/>
      <line num="222" type="stmt" count="7"/>
      <line num="223" type="stmt" count="7"/>
      <line num="224" type="stmt" count="7"/>
      <line num="225" type="stmt" count="7"/>
      <line num="226" type="stmt" count="7"/>
      <line num="227" type="stmt" count="7"/>
      <line num="228" type="stmt" count="7"/>
      <line num="229" type="stmt" count="7"/>
      <line num="230" type="stmt" count="7"/>
      <line num="231" type="stmt" count="7"/>
      <line num="233" type="stmt" count="7"/>
      <line num="234" type="stmt" count="7"/>
      <line num="235" type="stmt" count="4"/>
      <line num="236" type="stmt" count="4"/>
      <line num="237" type="stmt" count="7"/>
      <line num="238" type="stmt" count="7"/>
      <line num="239" type="stmt" count="7"/>
      <line num="240" type="stmt" count="7"/>
      <line num="241" type="stmt" count="7"/>
      <line num="242" type="stmt" count="7"/>
      <line num="243" type="stmt" count="7"/>
      <line num="244" type="stmt" count="3"/>
      <line num="246" type="stmt" count="4"/>
      <line num="247" type="stmt" count="4"/>
      <line num="248" type="stmt" count="4"/>
      <line num="249" type="stmt" count="4"/>
      <line num="250" type="stmt" count="4"/>
      <line num="251" type="stmt" count="4"/>
      <line num="252" type="stmt" count="4"/>
      <line num="253" type="stmt" count="4"/>
      <line num="254" type="stmt" count="4"/>
      <line num="255" type="stmt" count="4"/>
      <line num="256" type="stmt" count="4"/>
      <line num="257" type="stmt" count="4"/>
      <line num="258" type="stmt" count="4"/>
      <line num="260" type="stmt" count="4"/>
      <line num="261" type="stmt" count="4"/>
      <line num="263" type="stmt" count="4"/>
      <line num="266" type="stmt" count="1"/>
      <metrics loc="265" ncloc="139" classes="1" methods="9" coveredmethods="9" conditionals="0" coveredconditionals="0" statements="109" coveredstatements="109" elements="118" coveredelements="118"/>
    </file>
    <file name="/home/ronan/workspace/GITHUB/rgWebChecker/src/checker/extensions/w3c.php">
      <class name="chkBenchmarkW3C" namespace="global" fullPackage="WebChecker" package="WebChecker">
        <metrics methods="7" coveredmethods="7" conditionals="0" coveredconditionals="0" statements="71" coveredstatements="71" elements="78" coveredelements="78"/>
      </class>
      <line num="0" type="stmt" count="20"/>
      <line num="20" type="stmt" count="1"/>
      <line num="35" type="method" name="__construct" crap="1" count="20"/>
      <line num="37" type="stmt" count="20"/>
      <line num="38" type="stmt" count="20"/>
      <line num="47" type="method" name="__get" crap="2" count="9"/>
      <line num="49" type="stmt" count="9"/>
      <line num="50" type="stmt" count="9"/>
      <line num="51" type="stmt" count="8"/>
      <line num="53" type="stmt" count="1"/>
      <line num="64" type="method" name="__set" crap="7" count="20"/>
      <line num="68" type="stmt" count="20"/>
      <line num="69" type="stmt" count="20"/>
      <line num="70" type="stmt" count="20"/>
      <line num="71" type="stmt" count="1"/>
      <line num="73" type="stmt" count="20"/>
      <line num="74" type="stmt" count="20"/>
      <line num="75" type="stmt" count="15"/>
      <line num="76" type="stmt" count="8"/>
      <line num="77" type="stmt" count="8"/>
      <line num="78" type="stmt" count="1"/>
      <line num="80" type="stmt" count="7"/>
      <line num="81" type="stmt" count="7"/>
      <line num="82" type="stmt" count="13"/>
      <line num="83" type="stmt" count="12"/>
      <line num="84" type="stmt" count="12"/>
      <line num="85" type="stmt" count="1"/>
      <line num="87" type="stmt" count="11"/>
      <line num="88" type="stmt" count="11"/>
      <line num="89" type="stmt" count="1"/>
      <line num="90" type="stmt" count="1"/>
      <line num="91" type="stmt" count="1"/>
      <line num="92" type="stmt" count="20"/>
      <line num="101" type="method" name="__isset" crap="1" count="9"/>
      <line num="103" type="stmt" count="9"/>
      <line num="111" type="method" name="__toString" crap="1" count="1"/>
      <line num="113" type="stmt" count="1"/>
      <line num="120" type="method" name="setUp" crap="3" count="11"/>
      <line num="122" type="stmt" count="11"/>
      <line num="123" type="stmt" count="11"/>
      <line num="124" type="stmt" count="6"/>
      <line num="125" type="stmt" count="6"/>
      <line num="126" type="stmt" count="11"/>
      <line num="127" type="stmt" count="11"/>
      <line num="128" type="stmt" count="11"/>
      <line num="129" type="stmt" count="4"/>
      <line num="130" type="stmt" count="4"/>
      <line num="131" type="stmt" count="11"/>
      <line num="142" type="method" name="run" crap="11" count="8"/>
      <line num="145" type="stmt" count="8"/>
      <line num="147" type="stmt" count="8"/>
      <line num="148" type="stmt" count="8"/>
      <line num="149" type="stmt" count="3"/>
      <line num="152" type="stmt" count="5"/>
      <line num="153" type="stmt" count="1"/>
      <line num="156" type="stmt" count="4"/>
      <line num="157" type="stmt" count="4"/>
      <line num="158" type="stmt" count="1"/>
      <line num="160" type="stmt" count="3"/>
      <line num="182" type="stmt" count="3"/>
      <line num="184" type="stmt" count="3"/>
      <line num="186" type="stmt" count="3"/>
      <line num="187" type="stmt" count="3"/>
      <line num="188" type="stmt" count="3"/>
      <line num="189" type="stmt" count="3"/>
      <line num="190" type="stmt" count="3"/>
      <line num="191" type="stmt" count="3"/>
      <line num="192" type="stmt" count="3"/>
      <line num="193" type="stmt" count="3"/>
      <line num="194" type="stmt" count="3"/>
      <line num="195" type="stmt" count="3"/>
      <line num="196" type="stmt" count="3"/>
      <line num="197" type="stmt" count="3"/>
      <line num="198" type="stmt" count="2"/>
      <line num="201" type="stmt" count="1"/>
      <line num="202" type="stmt" count="1"/>
      <line num="203" type="stmt" count="1"/>
      <line num="204" type="stmt" count="1"/>
      <line num="205" type="stmt" count="3"/>
      <line num="206" type="stmt" count="3"/>
      <line num="209" type="stmt" count="1"/>
      <metrics loc="208" ncloc="121" classes="1" methods="7" coveredmethods="7" conditionals="0" coveredconditionals="0" statements="74" coveredstatements="74" elements="81" coveredelements="81"/>
    </file>
    <file name="/home/ronan/workspace/GITHUB/rgWebChecker/src/checker/interfaces/ibenchmarkable.php">
      <line num="21" type="stmt" count="1"/>
      <line num="42" type="stmt" count="1"/>
      <metrics loc="41" ncloc="12" classes="0" methods="0" coveredmethods="0" conditionals="0" coveredconditionals="0" statements="2" coveredstatements="2" elements="2" coveredelements="2"/>
    </file>
    <file name="/home/ronan/workspace/GITHUB/rgWebChecker/src/checker/interfaces/ilistable.php">
      <line num="21" type="stmt" count="1"/>
      <line num="42" type="stmt" count="1"/>
      <metrics loc="41" ncloc="11" classes="0" methods="0" coveredmethods="0" conditionals="0" coveredconditionals="0" statements="2" coveredstatements="2" elements="2" coveredelements="2"/>
    </file>
    <file name="/home/ronan/workspace/GITHUB/rgWebChecker/src/checker/interfaces/iprocessable.php">
      <line num="21" type="stmt" count="1"/>
      <line num="41" type="stmt" count="1"/>
      <metrics loc="40" ncloc="12" classes="0" methods="0" coveredmethods="0" conditionals="0" coveredconditionals="0" statements="2" coveredstatements="2" elements="2" coveredelements="2"/>
    </file>
    <file name="/home/ronan/workspace/GITHUB/rgWebChecker/src/checker/interfaces/istructurable.php">
      <line num="22" type="stmt" count="1"/>
      <line num="43" type="stmt" count="1"/>
      <metrics loc="42" ncloc="12" classes="0" methods="0" coveredmethods="0" conditionals="0" coveredconditionals="0" statements="2" coveredstatements="2" elements="2" coveredelements="2"/>
    </file>
    <file name="/home/ronan/workspace/GITHUB/rgWebChecker/src/checker/tests/alltests.php">
      <class name="chkAllTests" namespace="global" fullPackage="WebCheckerTests" package="WebCheckerTests">
        <metrics methods="1" coveredmethods="0" conditionals="0" coveredconditionals="0" statements="0" coveredstatements="0" elements="1" coveredelements="0"/>
      </class>
      <metrics loc="37" ncloc="15" classes="1" methods="1" coveredmethods="0" conditionals="0" coveredconditionals="0" statements="0" coveredstatements="0" elements="1" coveredelements="0"/>
    </file>
    <file name="/home/ronan/workspace/GITHUB/rgWebChecker/src/zetacomponents/Base/base.php">
      <class name="ezcBase" namespace="global" fullPackage="Base" package="Base">
        <metrics methods="2" coveredmethods="1" conditionals="0" coveredconditionals="0" statements="30" coveredstatements="22" elements="32" coveredelements="23"/>
      </class>
      <line num="0" type="stmt" count="10"/>
      <line num="123" type="method" name="setOptions" crap="2" count="0"/>
      <line num="125" type="stmt" count="0"/>
      <line num="126" type="stmt" count="0"/>
      <line num="139" type="method" name="autoload" crap="9.80" count="10"/>
      <line num="141" type="stmt" count="10"/>
      <line num="144" type="stmt" count="10"/>
      <line num="145" type="stmt" count="10"/>
      <line num="147" type="stmt" count="7"/>
      <line num="148" type="stmt" count="7"/>
      <line num="149" type="stmt" count="2"/>
      <line num="151" type="stmt" count="5"/>
      <line num="153" type="stmt" count="5"/>
      <line num="158" type="stmt" count="5"/>
      <line num="159" type="stmt" count="5"/>
      <line num="161" type="stmt" count="4"/>
      <line num="162" type="stmt" count="4"/>
      <line num="163" type="stmt" count="0"/>
      <line num="165" type="stmt" count="4"/>
      <line num="167" type="stmt" count="4"/>
      <line num="172" type="stmt" count="3"/>
      <line num="173" type="stmt" count="3"/>
      <line num="174" type="stmt" count="3"/>
      <line num="175" type="stmt" count="3"/>
      <line num="177" type="stmt" count="3"/>
      <line num="179" type="stmt" count="3"/>
      <line num="181" type="stmt" count="0"/>
      <line num="182" type="stmt" count="0"/>
      <line num="183" type="stmt" count="0"/>
      <line num="184" type="stmt" count="0"/>
      <line num="185" type="stmt" count="0"/>
      <line num="189" type="stmt" count="3"/>
      <line num="191" type="stmt" count="3"/>
      <line num="192" type="stmt" count="3"/>
      <line num="193" type="stmt" count="3"/>
      <line num="194" type="stmt" count="3"/>
      <line num="195" type="stmt" count="2"/>
      <line num="199" type="stmt" count="1"/>
      <line num="201" type="stmt" count="1"/>
      <line num="202" type="stmt" count="1"/>
      <line num="203" type="stmt" count="1"/>
      <line num="204" type="stmt" count="1"/>
      <line num="205" type="stmt" count="0"/>
      <line num="207" type="stmt" count="1"/>
      <line num="208" type="stmt" count="1"/>
      <line num="212" type="stmt" count="1"/>
      <line num="213" type="stmt" count="1"/>
      <line num="215" type="stmt" count="1"/>
      <line num="216" type="stmt" count="1"/>
      <line num="218" type="stmt" count="1"/>
      <line num="219" type="stmt" count="1"/>
      <line num="222" type="stmt" count="0"/>
      <line num="223" type="stmt" count="0"/>
      <line num="225" type="stmt" count="1"/>
      <line num="226" type="stmt" count="1"/>
      <line num="227" type="stmt" count="1"/>
      <line num="228" type="stmt" count="0"/>
      <line num="231" type="stmt" count="1"/>
      <line num="241" type="stmt" count="0"/>
      <line num="242" type="stmt" count="0"/>
      <line num="243" type="stmt" count="0"/>
      <line num="254" type="stmt" count="10"/>
      <line num="255" type="stmt" count="10"/>
      <line num="256" type="stmt" count="10"/>
      <line num="260" type="stmt" count="0"/>
      <line num="262" type="stmt" count="0"/>
      <line num="264" type="stmt" count="0"/>
      <line num="265" type="stmt" count="0"/>
      <line num="266" type="stmt" count="0"/>
      <line num="267" type="stmt" count="0"/>
      <line num="268" type="stmt" count="0"/>
      <line num="271" type="stmt" count="0"/>
      <line num="273" type="stmt" count="0"/>
      <line num="274" type="stmt" count="0"/>
      <line num="275" type="stmt" count="0"/>
      <line num="276" type="stmt" count="0"/>
      <line num="277" type="stmt" count="0"/>
      <line num="278" type="stmt" count="0"/>
      <line num="292" type="stmt" count="3"/>
      <line num="297" type="stmt" count="3"/>
      <line num="298" type="stmt" count="3"/>
      <line num="299" type="stmt" count="2"/>
      <line num="301" type="stmt" count="2"/>
      <line num="302" type="stmt" count="2"/>
      <line num="304" type="stmt" count="2"/>
      <line num="305" type="stmt" count="2"/>
      <line num="306" type="stmt" count="2"/>
      <line num="307" type="stmt" count="2"/>
      <line num="309" type="stmt" count="2"/>
      <line num="310" type="stmt" count="2"/>
      <line num="311" type="stmt" count="2"/>
      <line num="312" type="stmt" count="2"/>
      <line num="313" type="stmt" count="2"/>
      <line num="314" type="stmt" count="2"/>
      <line num="317" type="stmt" count="0"/>
      <line num="319" type="stmt" count="2"/>
      <line num="321" type="stmt" count="0"/>
      <line num="325" type="stmt" count="1"/>
      <line num="327" type="stmt" count="1"/>
      <line num="328" type="stmt" count="1"/>
      <line num="329" type="stmt" count="1"/>
      <line num="332" type="stmt" count="0"/>
      <line num="333" type="stmt" count="0"/>
      <line num="334" type="stmt" count="0"/>
      <line num="335" type="stmt" count="0"/>
      <line num="342" type="stmt" count="0"/>
      <line num="344" type="stmt" count="0"/>
      <line num="345" type="stmt" count="0"/>
      <line num="347" type="stmt" count="0"/>
      <line num="348" type="stmt" count="0"/>
      <line num="350" type="stmt" count="0"/>
      <line num="351" type="stmt" count="0"/>
      <line num="352" type="stmt" count="0"/>
      <line num="354" type="stmt" count="0"/>
      <line num="355" type="stmt" count="1"/>
      <line num="358" type="stmt" count="1"/>
      <line num="369" type="stmt" count="6"/>
      <line num="371" type="stmt" count="6"/>
      <line num="372" type="stmt" count="6"/>
      <line num="373" type="stmt" count="6"/>
      <line num="376" type="stmt" count="6"/>
      <line num="378" type="stmt" count="6"/>
      <line num="380" type="stmt" count="0"/>
      <line num="381" type="stmt" count="0"/>
      <line num="383" type="stmt" count="0"/>
      <line num="384" type="stmt" count="0"/>
      <line num="385" type="stmt" count="0"/>
      <line num="386" type="stmt" count="0"/>
      <line num="387" type="stmt" count="0"/>
      <line num="390" type="stmt" count="0"/>
      <line num="391" type="stmt" count="0"/>
      <line num="393" type="stmt" count="0"/>
      <line num="395" type="stmt" count="0"/>
      <line num="397" type="stmt" count="0"/>
      <line num="398" type="stmt" count="6"/>
      <line num="400" type="stmt" count="6"/>
      <line num="401" type="stmt" count="6"/>
      <line num="402" type="stmt" count="6"/>
      <line num="403" type="stmt" count="6"/>
      <line num="408" type="stmt" count="0"/>
      <line num="410" type="stmt" count="6"/>
      <line num="419" type="stmt" count="4"/>
      <line num="420" type="stmt" count="4"/>
      <line num="421" type="stmt" count="4"/>
      <line num="422" type="stmt" count="4"/>
      <line num="425" type="stmt" count="0"/>
      <line num="427" type="stmt" count="4"/>
      <line num="444" type="stmt" count="0"/>
      <line num="445" type="stmt" count="0"/>
      <line num="446" type="stmt" count="0"/>
      <line num="447" type="stmt" count="0"/>
      <line num="452" type="stmt" count="0"/>
      <line num="456" type="stmt" count="0"/>
      <line num="457" type="stmt" count="0"/>
      <line num="458" type="stmt" count="0"/>
      <line num="459" type="stmt" count="0"/>
      <line num="460" type="stmt" count="0"/>
      <line num="465" type="stmt" count="0"/>
      <line num="469" type="stmt" count="0"/>
      <line num="482" type="stmt" count="1"/>
      <line num="483" type="stmt" count="1"/>
      <line num="484" type="stmt" count="1"/>
      <line num="485" type="stmt" count="1"/>
      <line num="487" type="stmt" count="1"/>
      <line num="489" type="stmt" count="1"/>
      <line num="490" type="stmt" count="1"/>
      <line num="491" type="stmt" count="1"/>
      <line num="493" type="stmt" count="1"/>
      <line num="575" type="stmt" count="0"/>
      <line num="576" type="stmt" count="0"/>
      <line num="577" type="stmt" count="0"/>
      <line num="581" type="stmt" count="0"/>
      <line num="582" type="stmt" count="0"/>
      <line num="583" type="stmt" count="0"/>
      <line num="584" type="stmt" count="0"/>
      <line num="587" type="stmt" count="0"/>
      <line num="588" type="stmt" count="0"/>
      <line num="589" type="stmt" count="0"/>
      <line num="593" type="stmt" count="0"/>
      <line num="594" type="stmt" count="0"/>
      <line num="595" type="stmt" count="0"/>
      <line num="598" type="stmt" count="0"/>
      <line num="599" type="stmt" count="0"/>
      <line num="602" type="stmt" count="0"/>
      <line num="603" type="stmt" count="0"/>
      <line num="604" type="stmt" count="0"/>
      <line num="608" type="stmt" count="0"/>
      <line num="610" type="stmt" count="0"/>
      <line num="622" type="stmt" count="0"/>
      <line num="624" type="stmt" count="0"/>
      <line num="625" type="stmt" count="0"/>
      <line num="626" type="stmt" count="0"/>
      <line num="627" type="stmt" count="0"/>
      <line num="628" type="stmt" count="0"/>
      <line num="629" type="stmt" count="0"/>
      <line num="639" type="stmt" count="0"/>
      <line num="640" type="stmt" count="0"/>
      <line num="641" type="stmt" count="0"/>
      <line num="644" type="stmt" count="0"/>
      <line num="645" type="stmt" count="0"/>
      <line num="654" type="stmt" count="0"/>
      <line num="664" type="stmt" count="0"/>
      <line num="677" type="stmt" count="0"/>
      <metrics loc="680" ncloc="316" classes="1" methods="2" coveredmethods="1" conditionals="0" coveredconditionals="0" statements="201" coveredstatements="96" elements="203" coveredelements="97"/>
    </file>
    <file name="/home/ronan/workspace/GITHUB/rgWebChecker/src/zetacomponents/Base/exceptions/exception.php">
      <class name="ezcBaseException" namespace="global" fullPackage="Base" package="Base">
        <metrics methods="1" coveredmethods="1" conditionals="0" coveredconditionals="0" statements="7" coveredstatements="6" elements="8" coveredelements="7"/>
      </class>
      <line num="34" type="stmt" count="1"/>
      <line num="45" type="method" name="__construct" crap="2.01" count="24"/>
      <line num="47" type="stmt" count="24"/>
      <line num="49" type="stmt" count="24"/>
      <line num="50" type="stmt" count="24"/>
      <line num="51" type="stmt" count="24"/>
      <line num="52" type="stmt" count="24"/>
      <line num="55" type="stmt" count="0"/>
      <line num="57" type="stmt" count="24"/>
      <line num="60" type="stmt" count="1"/>
      <metrics loc="59" ncloc="20" classes="1" methods="1" coveredmethods="1" conditionals="0" coveredconditionals="0" statements="9" coveredstatements="8" elements="10" coveredelements="9"/>
    </file>
    <file name="/home/ronan/workspace/GITHUB/rgWebChecker/src/zetacomponents/Base/exceptions/property_not_found.php">
      <class name="ezcBasePropertyNotFoundException" namespace="global" fullPackage="Base" package="Base">
        <metrics methods="1" coveredmethods="1" conditionals="0" coveredconditionals="0" statements="1" coveredstatements="1" elements="2" coveredelements="2"/>
      </class>
      <line num="34" type="stmt" count="1"/>
      <line num="41" type="method" name="__construct" crap="1" count="10"/>
      <line num="43" type="stmt" count="10"/>
      <line num="44" type="stmt" count="10"/>
      <line num="47" type="stmt" count="1"/>
      <metrics loc="46" ncloc="9" classes="1" methods="1" coveredmethods="1" conditionals="0" coveredconditionals="0" statements="4" coveredstatements="4" elements="5" coveredelements="5"/>
    </file>
    <file name="/home/ronan/workspace/GITHUB/rgWebChecker/src/zetacomponents/Base/exceptions/value.php">
      <class name="ezcBaseValueException" namespace="global" fullPackage="Base" package="Base">
        <metrics methods="1" coveredmethods="1" conditionals="0" coveredconditionals="0" statements="6" coveredstatements="6" elements="7" coveredelements="7"/>
      </class>
      <line num="34" type="stmt" count="1"/>
      <line num="44" type="method" name="__construct" crap="2" count="10"/>
      <line num="46" type="stmt" count="10"/>
      <line num="47" type="stmt" count="10"/>
      <line num="48" type="stmt" count="10"/>
      <line num="49" type="stmt" count="1"/>
      <line num="50" type="stmt" count="1"/>
      <line num="51" type="stmt" count="10"/>
      <line num="53" type="stmt" count="10"/>
      <line num="54" type="stmt" count="10"/>
      <line num="55" type="stmt" count="10"/>
      <line num="56" type="stmt" count="10"/>
      <line num="57" type="stmt" count="10"/>
      <line num="60" type="stmt" count="1"/>
      <metrics loc="59" ncloc="19" classes="1" methods="1" coveredmethods="1" conditionals="0" coveredconditionals="0" statements="13" coveredstatements="13" elements="14" coveredelements="14"/>
    </file>
    <file name="/home/ronan/workspace/GITHUB/rgWebChecker/src/zetacomponents/Base/init.php">
      <class name="ezcBaseInit" namespace="global" fullPackage="Base" package="Base">
        <metrics methods="2" coveredmethods="1" conditionals="0" coveredconditionals="0" statements="16" coveredstatements="3" elements="18" coveredelements="4"/>
      </class>
      <line num="83" type="stmt" count="1"/>
      <line num="97" type="method" name="setCallback" crap="20" count="0"/>
      <line num="99" type="stmt" count="0"/>
      <line num="100" type="stmt" count="0"/>
      <line num="101" type="stmt" count="0"/>
      <line num="106" type="stmt" count="0"/>
      <line num="107" type="stmt" count="0"/>
      <line num="108" type="stmt" count="0"/>
      <line num="112" type="stmt" count="0"/>
      <line num="113" type="stmt" count="0"/>
      <line num="114" type="stmt" count="0"/>
      <line num="117" type="stmt" count="0"/>
      <line num="119" type="stmt" count="0"/>
      <line num="131" type="method" name="fetchConfig" crap="2.26" count="1"/>
      <line num="133" type="stmt" count="1"/>
      <line num="134" type="stmt" count="1"/>
      <line num="135" type="stmt" count="0"/>
      <line num="136" type="stmt" count="0"/>
      <line num="138" type="stmt" count="1"/>
      <line num="142" type="stmt" count="1"/>
      <metrics loc="141" ncloc="36" classes="1" methods="2" coveredmethods="1" conditionals="0" coveredconditionals="0" statements="18" coveredstatements="5" elements="20" coveredelements="6"/>
    </file>
    <file name="/home/ronan/workspace/GITHUB/rgWebChecker/src/zetacomponents/Base/options.php">
      <class name="ezcBaseOptions" namespace="global" fullPackage="Base" package="Base">
        <metrics methods="9" coveredmethods="3" conditionals="0" coveredconditionals="0" statements="20" coveredstatements="5" elements="29" coveredelements="8"/>
      </class>
      <line num="0" type="stmt" count="3"/>
      <line num="54" type="method" name="__construct" crap="6" count="0"/>
      <line num="56" type="stmt" count="0"/>
      <line num="58" type="stmt" count="0"/>
      <line num="59" type="stmt" count="0"/>
      <line num="60" type="stmt" count="0"/>
      <line num="72" type="method" name="merge" crap="6" count="0"/>
      <line num="74" type="stmt" count="0"/>
      <line num="76" type="stmt" count="0"/>
      <line num="77" type="stmt" count="0"/>
      <line num="78" type="stmt" count="0"/>
      <line num="95" type="method" name="__get" crap="2.06" count="3"/>
      <line num="97" type="stmt" count="3"/>
      <line num="98" type="stmt" count="3"/>
      <line num="99" type="stmt" count="3"/>
      <line num="101" type="stmt" count="0"/>
      <line num="119" type="method" name="__set" crap="1" count="3"/>
      <line num="128" type="method" name="__isset" crap="1" count="3"/>
      <line num="130" type="stmt" count="3"/>
      <line num="140" type="method" name="offsetExists" crap="2" count="0"/>
      <line num="142" type="stmt" count="0"/>
      <line num="154" type="method" name="offsetGet" crap="2" count="0"/>
      <line num="156" type="stmt" count="0"/>
      <line num="170" type="method" name="offsetSet" crap="2" count="0"/>
      <line num="172" type="stmt" count="0"/>
      <line num="173" type="stmt" count="0"/>
      <line num="185" type="method" name="offsetUnset" crap="2" count="0"/>
      <line num="187" type="stmt" count="0"/>
      <line num="188" type="stmt" count="0"/>
      <metrics loc="190" ncloc="59" classes="1" methods="9" coveredmethods="3" conditionals="0" coveredconditionals="0" statements="21" coveredstatements="6" elements="30" coveredelements="9"/>
    </file>
    <file name="/home/ronan/workspace/GITHUB/rgWebChecker/src/zetacomponents/Base/options/autoload.php">
      <class name="ezcBaseAutoloadOptions" namespace="global" fullPackage="Base" package="Base">
        <metrics methods="2" coveredmethods="0" conditionals="0" coveredconditionals="0" statements="15" coveredstatements="0" elements="17" coveredelements="0"/>
      </class>
      <line num="54" type="method" name="__construct" crap="2" count="0"/>
      <line num="56" type="stmt" count="0"/>
      <line num="57" type="stmt" count="0"/>
      <line num="59" type="stmt" count="0"/>
      <line num="60" type="stmt" count="0"/>
      <line num="73" type="method" name="__set" crap="20" count="0"/>
      <line num="77" type="stmt" count="0"/>
      <line num="78" type="stmt" count="0"/>
      <line num="79" type="stmt" count="0"/>
      <line num="80" type="stmt" count="0"/>
      <line num="81" type="stmt" count="0"/>
      <line num="83" type="stmt" count="0"/>
      <line num="84" type="stmt" count="0"/>
      <line num="86" type="stmt" count="0"/>
      <line num="87" type="stmt" count="0"/>
      <line num="88" type="stmt" count="0"/>
      <line num="89" type="stmt" count="0"/>
      <metrics loc="91" ncloc="31" classes="1" methods="2" coveredmethods="0" conditionals="0" coveredconditionals="0" statements="15" coveredstatements="0" elements="17" coveredelements="0"/>
    </file>
    <file name="/home/ronan/workspace/GITHUB/rgWebChecker/src/zetacomponents/Base/struct.php">
      <class name="ezcBaseStruct" namespace="global" fullPackage="Base" package="Base">
        <metrics methods="2" coveredmethods="0" conditionals="0" coveredconditionals="0" statements="2" coveredstatements="0" elements="4" coveredelements="0"/>
      </class>
      <line num="42" type="method" name="__set" crap="2" count="0"/>
      <line num="44" type="stmt" count="0"/>
      <line num="53" type="method" name="__get" crap="2" count="0"/>
      <line num="55" type="stmt" count="0"/>
      <metrics loc="58" ncloc="15" classes="1" methods="2" coveredmethods="0" conditionals="0" coveredconditionals="0" statements="2" coveredstatements="0" elements="4" coveredelements="0"/>
    </file>
    <file name="/home/ronan/workspace/GITHUB/rgWebChecker/src/zetacomponents/Base/structs/repository_directory.php">
      <class name="ezcBaseRepositoryDirectory" namespace="global" fullPackage="Base" package="Base">
        <metrics methods="2" coveredmethods="1" conditionals="0" coveredconditionals="0" statements="5" coveredstatements="4" elements="7" coveredelements="5"/>
      </class>
      <line num="34" type="stmt" count="1"/>
      <line num="74" type="method" name="__construct" crap="1" count="1"/>
      <line num="76" type="stmt" count="1"/>
      <line num="77" type="stmt" count="1"/>
      <line num="78" type="stmt" count="1"/>
      <line num="79" type="stmt" count="1"/>
      <line num="94" type="method" name="__set_state" crap="2" count="0"/>
      <line num="96" type="stmt" count="0"/>
      <line num="100" type="stmt" count="1"/>
      <metrics loc="99" ncloc="27" classes="1" methods="2" coveredmethods="1" conditionals="0" coveredconditionals="0" statements="7" coveredstatements="6" elements="9" coveredelements="7"/>
    </file>
    <file name="/home/ronan/workspace/GITHUB/rgWebChecker/src/zetacomponents/Configuration/array/array_reader.php">
      <class name="ezcConfigurationArrayReader" namespace="global" fullPackage="Configuration" package="Configuration">
        <metrics methods="3" coveredmethods="0" conditionals="0" coveredconditionals="0" statements="6" coveredstatements="0" elements="9" coveredelements="0"/>
      </class>
      <line num="102" type="method" name="getSuffix" crap="2" count="0"/>
      <line num="104" type="stmt" count="0"/>
      <line num="124" type="method" name="load" crap="2" count="0"/>
      <line num="126" type="stmt" count="0"/>
      <line num="128" type="stmt" count="0"/>
      <line num="129" type="stmt" count="0"/>
      <line num="143" type="method" name="validate" crap="2" count="0"/>
      <line num="145" type="stmt" count="0"/>
      <line num="146" type="stmt" count="0"/>
      <metrics loc="149" ncloc="24" classes="1" methods="3" coveredmethods="0" conditionals="0" coveredconditionals="0" statements="6" coveredstatements="0" elements="9" coveredelements="0"/>
    </file>
    <file name="/home/ronan/workspace/GITHUB/rgWebChecker/src/zetacomponents/Configuration/array/array_writer.php">
      <class name="ezcConfigurationArrayWriter" namespace="global" fullPackage="Configuration" package="Configuration">
        <metrics methods="2" coveredmethods="0" conditionals="0" coveredconditionals="0" statements="6" coveredstatements="0" elements="8" coveredelements="0"/>
      </class>
      <line num="70" type="method" name="getSuffix" crap="2" count="0"/>
      <line num="72" type="stmt" count="0"/>
      <line num="87" type="method" name="writeSettings" crap="2" count="0"/>
      <line num="89" type="stmt" count="0"/>
      <line num="90" type="stmt" count="0"/>
      <line num="91" type="stmt" count="0"/>
      <line num="92" type="stmt" count="0"/>
      <line num="93" type="stmt" count="0"/>
      <metrics loc="95" ncloc="18" classes="1" methods="2" coveredmethods="0" conditionals="0" coveredconditionals="0" statements="6" coveredstatements="0" elements="8" coveredelements="0"/>
    </file>
    <file name="/home/ronan/workspace/GITHUB/rgWebChecker/src/zetacomponents/Configuration/configuration.php">
      <class name="ezcConfiguration" namespace="global" fullPackage="Configuration" package="Configuration">
        <metrics methods="26" coveredmethods="0" conditionals="0" coveredconditionals="0" statements="167" coveredstatements="0" elements="193" coveredelements="0"/>
      </class>
      <line num="191" type="method" name="__construct" crap="2" count="0"/>
      <line num="193" type="stmt" count="0"/>
      <line num="194" type="stmt" count="0"/>
      <line num="195" type="stmt" count="0"/>
      <line num="204" type="method" name="hasSetting" crap="20" count="0"/>
      <line num="206" type="stmt" count="0"/>
      <line num="207" type="stmt" count="0"/>
      <line num="208" type="stmt" count="0"/>
      <line num="210" type="stmt" count="0"/>
      <line num="211" type="stmt" count="0"/>
      <line num="212" type="stmt" count="0"/>
      <line num="214" type="stmt" count="0"/>
      <line num="229" type="method" name="assertGroupSetting" crap="12" count="0"/>
      <line num="231" type="stmt" count="0"/>
      <line num="232" type="stmt" count="0"/>
      <line num="233" type="stmt" count="0"/>
      <line num="235" type="stmt" count="0"/>
      <line num="236" type="stmt" count="0"/>
      <line num="237" type="stmt" count="0"/>
      <line num="239" type="stmt" count="0"/>
      <line num="253" type="method" name="getSetting" crap="2" count="0"/>
      <line num="255" type="stmt" count="0"/>
      <line num="256" type="stmt" count="0"/>
      <line num="274" type="method" name="getComment" crap="6" count="0"/>
      <line num="276" type="stmt" count="0"/>
      <line num="277" type="stmt" count="0"/>
      <line num="278" type="stmt" count="0"/>
      <line num="279" type="stmt" count="0"/>
      <line num="281" type="stmt" count="0"/>
      <line num="303" type="method" name="getBoolSetting" crap="6" count="0"/>
      <line num="305" type="stmt" count="0"/>
      <line num="306" type="stmt" count="0"/>
      <line num="307" type="stmt" count="0"/>
      <line num="308" type="stmt" count="0"/>
      <line num="309" type="stmt" count="0"/>
      <line num="311" type="stmt" count="0"/>
      <line num="333" type="method" name="getNumberSetting" crap="12" count="0"/>
      <line num="335" type="stmt" count="0"/>
      <line num="336" type="stmt" count="0"/>
      <line num="337" type="stmt" count="0"/>
      <line num="338" type="stmt" count="0"/>
      <line num="339" type="stmt" count="0"/>
      <line num="341" type="stmt" count="0"/>
      <line num="363" type="method" name="getStringSetting" crap="6" count="0"/>
      <line num="365" type="stmt" count="0"/>
      <line num="366" type="stmt" count="0"/>
      <line num="367" type="stmt" count="0"/>
      <line num="368" type="stmt" count="0"/>
      <line num="369" type="stmt" count="0"/>
      <line num="371" type="stmt" count="0"/>
      <line num="393" type="method" name="getArraySetting" crap="6" count="0"/>
      <line num="395" type="stmt" count="0"/>
      <line num="396" type="stmt" count="0"/>
      <line num="397" type="stmt" count="0"/>
      <line num="398" type="stmt" count="0"/>
      <line num="399" type="stmt" count="0"/>
      <line num="401" type="stmt" count="0"/>
      <line num="416" type="method" name="setSetting" crap="6" count="0"/>
      <line num="418" type="stmt" count="0"/>
      <line num="419" type="stmt" count="0"/>
      <line num="420" type="stmt" count="0"/>
      <line num="421" type="stmt" count="0"/>
      <line num="422" type="stmt" count="0"/>
      <line num="423" type="stmt" count="0"/>
      <line num="424" type="stmt" count="0"/>
      <line num="438" type="method" name="removeSetting" crap="2" count="0"/>
      <line num="440" type="stmt" count="0"/>
      <line num="441" type="stmt" count="0"/>
      <line num="442" type="stmt" count="0"/>
      <line num="443" type="stmt" count="0"/>
      <line num="452" type="method" name="hasSettings" crap="20" count="0"/>
      <line num="454" type="stmt" count="0"/>
      <line num="455" type="stmt" count="0"/>
      <line num="456" type="stmt" count="0"/>
      <line num="459" type="stmt" count="0"/>
      <line num="461" type="stmt" count="0"/>
      <line num="462" type="stmt" count="0"/>
      <line num="463" type="stmt" count="0"/>
      <line num="465" type="stmt" count="0"/>
      <line num="466" type="stmt" count="0"/>
      <line num="484" type="method" name="getSettings" crap="20" count="0"/>
      <line num="486" type="stmt" count="0"/>
      <line num="488" type="stmt" count="0"/>
      <line num="489" type="stmt" count="0"/>
      <line num="490" type="stmt" count="0"/>
      <line num="493" type="stmt" count="0"/>
      <line num="495" type="stmt" count="0"/>
      <line num="496" type="stmt" count="0"/>
      <line num="497" type="stmt" count="0"/>
      <line num="499" type="stmt" count="0"/>
      <line num="500" type="stmt" count="0"/>
      <line num="501" type="stmt" count="0"/>
      <line num="520" type="method" name="getComments" crap="30" count="0"/>
      <line num="522" type="stmt" count="0"/>
      <line num="524" type="stmt" count="0"/>
      <line num="525" type="stmt" count="0"/>
      <line num="526" type="stmt" count="0"/>
      <line num="529" type="stmt" count="0"/>
      <line num="531" type="stmt" count="0"/>
      <line num="532" type="stmt" count="0"/>
      <line num="533" type="stmt" count="0"/>
      <line num="535" type="stmt" count="0"/>
      <line num="536" type="stmt" count="0"/>
      <line num="537" type="stmt" count="0"/>
      <line num="538" type="stmt" count="0"/>
      <line num="539" type="stmt" count="0"/>
      <line num="540" type="stmt" count="0"/>
      <line num="541" type="stmt" count="0"/>
      <line num="542" type="stmt" count="0"/>
      <line num="556" type="method" name="setSettings" crap="30" count="0"/>
      <line num="558" type="stmt" count="0"/>
      <line num="560" type="stmt" count="0"/>
      <line num="561" type="stmt" count="0"/>
      <line num="562" type="stmt" count="0"/>
      <line num="563" type="stmt" count="0"/>
      <line num="564" type="stmt" count="0"/>
      <line num="565" type="stmt" count="0"/>
      <line num="566" type="stmt" count="0"/>
      <line num="567" type="stmt" count="0"/>
      <line num="580" type="method" name="removeSettings" crap="30" count="0"/>
      <line num="582" type="stmt" count="0"/>
      <line num="583" type="stmt" count="0"/>
      <line num="584" type="stmt" count="0"/>
      <line num="587" type="stmt" count="0"/>
      <line num="589" type="stmt" count="0"/>
      <line num="590" type="stmt" count="0"/>
      <line num="591" type="stmt" count="0"/>
      <line num="594" type="stmt" count="0"/>
      <line num="595" type="stmt" count="0"/>
      <line num="596" type="stmt" count="0"/>
      <line num="597" type="stmt" count="0"/>
      <line num="598" type="stmt" count="0"/>
      <line num="599" type="stmt" count="0"/>
      <line num="600" type="stmt" count="0"/>
      <line num="601" type="stmt" count="0"/>
      <line num="608" type="method" name="getGroupNames" crap="6" count="0"/>
      <line num="610" type="stmt" count="0"/>
      <line num="612" type="stmt" count="0"/>
      <line num="614" type="stmt" count="0"/>
      <line num="615" type="stmt" count="0"/>
      <line num="616" type="stmt" count="0"/>
      <line num="625" type="method" name="hasGroup" crap="12" count="0"/>
      <line num="627" type="stmt" count="0"/>
      <line num="628" type="stmt" count="0"/>
      <line num="629" type="stmt" count="0"/>
      <line num="631" type="stmt" count="0"/>
      <line num="642" type="method" name="getSettingNames" crap="12" count="0"/>
      <line num="644" type="stmt" count="0"/>
      <line num="645" type="stmt" count="0"/>
      <line num="646" type="stmt" count="0"/>
      <line num="647" type="stmt" count="0"/>
      <line num="649" type="stmt" count="0"/>
      <line num="650" type="stmt" count="0"/>
      <line num="651" type="stmt" count="0"/>
      <line num="652" type="stmt" count="0"/>
      <line num="663" type="method" name="getSettingsInGroup" crap="6" count="0"/>
      <line num="665" type="stmt" count="0"/>
      <line num="666" type="stmt" count="0"/>
      <line num="667" type="stmt" count="0"/>
      <line num="669" type="stmt" count="0"/>
      <line num="681" type="method" name="addGroup" crap="12" count="0"/>
      <line num="683" type="stmt" count="0"/>
      <line num="684" type="stmt" count="0"/>
      <line num="685" type="stmt" count="0"/>
      <line num="687" type="stmt" count="0"/>
      <line num="688" type="stmt" count="0"/>
      <line num="689" type="stmt" count="0"/>
      <line num="690" type="stmt" count="0"/>
      <line num="691" type="stmt" count="0"/>
      <line num="692" type="stmt" count="0"/>
      <line num="693" type="stmt" count="0"/>
      <line num="703" type="method" name="removeGroup" crap="12" count="0"/>
      <line num="705" type="stmt" count="0"/>
      <line num="706" type="stmt" count="0"/>
      <line num="707" type="stmt" count="0"/>
      <line num="709" type="stmt" count="0"/>
      <line num="710" type="stmt" count="0"/>
      <line num="711" type="stmt" count="0"/>
      <line num="712" type="stmt" count="0"/>
      <line num="713" type="stmt" count="0"/>
      <line num="714" type="stmt" count="0"/>
      <line num="715" type="stmt" count="0"/>
      <line num="729" type="method" name="getAllSettings" crap="2" count="0"/>
      <line num="731" type="stmt" count="0"/>
      <line num="747" type="method" name="getAllComments" crap="2" count="0"/>
      <line num="749" type="stmt" count="0"/>
      <line num="757" type="method" name="removeAllSettings" crap="2" count="0"/>
      <line num="759" type="stmt" count="0"/>
      <line num="760" type="stmt" count="0"/>
      <line num="761" type="stmt" count="0"/>
      <line num="762" type="stmt" count="0"/>
      <line num="770" type="method" name="isModified" crap="2" count="0"/>
      <line num="772" type="stmt" count="0"/>
      <metrics loc="775" ncloc="309" classes="1" methods="26" coveredmethods="0" conditionals="0" coveredconditionals="0" statements="167" coveredstatements="0" elements="193" coveredelements="0"/>
    </file>
    <file name="/home/ronan/workspace/GITHUB/rgWebChecker/src/zetacomponents/Configuration/configuration_manager.php">
      <class name="ezcConfigurationManager" namespace="global" fullPackage="Configuration" package="Configuration">
        <metrics methods="5" coveredmethods="0" conditionals="0" coveredconditionals="0" statements="26" coveredstatements="0" elements="31" coveredelements="0"/>
      </class>
      <line num="109" type="method" name="__construct" crap="2" count="0"/>
      <line num="111" type="stmt" count="0"/>
      <line num="118" type="method" name="getInstance" crap="6" count="0"/>
      <line num="120" type="stmt" count="0"/>
      <line num="121" type="stmt" count="0"/>
      <line num="122" type="stmt" count="0"/>
      <line num="123" type="stmt" count="0"/>
      <line num="124" type="stmt" count="0"/>
      <line num="125" type="stmt" count="0"/>
      <line num="152" type="method" name="init" crap="12" count="0"/>
      <line num="155" type="stmt" count="0"/>
      <line num="156" type="stmt" count="0"/>
      <line num="157" type="stmt" count="0"/>
      <line num="161" type="stmt" count="0"/>
      <line num="162" type="stmt" count="0"/>
      <line num="163" type="stmt" count="0"/>
      <line num="166" type="stmt" count="0"/>
      <line num="167" type="stmt" count="0"/>
      <line num="168" type="stmt" count="0"/>
      <line num="169" type="stmt" count="0"/>
      <line num="176" type="method" name="reset" crap="2" count="0"/>
      <line num="178" type="stmt" count="0"/>
      <line num="179" type="stmt" count="0"/>
      <line num="180" type="stmt" count="0"/>
      <line num="181" type="stmt" count="0"/>
      <line num="182" type="stmt" count="0"/>
      <line num="200" type="method" name="fetchReader" crap="12" count="0"/>
      <line num="202" type="stmt" count="0"/>
      <line num="203" type="stmt" count="0"/>
      <line num="204" type="stmt" count="0"/>
      <line num="206" type="stmt" count="0"/>
      <line num="207" type="stmt" count="0"/>
      <line num="208" type="stmt" count="0"/>
      <line num="209" type="stmt" count="0"/>
      <line num="210" type="stmt" count="0"/>
      <line num="211" type="stmt" count="0"/>
      <line num="212" type="stmt" count="0"/>
      <line num="213" type="stmt" count="0"/>
      <line num="214" type="stmt" count="0"/>
      <line num="215" type="stmt" count="0"/>
      <line num="216" type="stmt" count="0"/>
      <line num="217" type="stmt" count="0"/>
      <line num="218" type="stmt" count="0"/>
      <line num="237" type="stmt" count="0"/>
      <line num="238" type="stmt" count="0"/>
      <line num="240" type="stmt" count="0"/>
      <line num="241" type="stmt" count="0"/>
      <line num="245" type="stmt" count="0"/>
      <line num="263" type="stmt" count="0"/>
      <line num="264" type="stmt" count="0"/>
      <line num="266" type="stmt" count="0"/>
      <line num="282" type="stmt" count="0"/>
      <line num="283" type="stmt" count="0"/>
      <line num="284" type="stmt" count="0"/>
      <line num="285" type="stmt" count="0"/>
      <line num="289" type="stmt" count="0"/>
      <line num="318" type="stmt" count="0"/>
      <line num="342" type="stmt" count="0"/>
      <line num="355" type="stmt" count="0"/>
      <line num="356" type="stmt" count="0"/>
      <line num="370" type="stmt" count="0"/>
      <line num="371" type="stmt" count="0"/>
      <line num="399" type="stmt" count="0"/>
      <line num="427" type="stmt" count="0"/>
      <line num="455" type="stmt" count="0"/>
      <line num="483" type="stmt" count="0"/>
      <line num="509" type="stmt" count="0"/>
      <line num="510" type="stmt" count="0"/>
      <line num="535" type="stmt" count="0"/>
      <line num="537" type="stmt" count="0"/>
      <line num="539" type="stmt" count="0"/>
      <line num="541" type="stmt" count="0"/>
      <line num="542" type="stmt" count="0"/>
      <line num="543" type="stmt" count="0"/>
      <line num="557" type="stmt" count="0"/>
      <line num="558" type="stmt" count="0"/>
      <metrics loc="561" ncloc="175" classes="1" methods="5" coveredmethods="0" conditionals="0" coveredconditionals="0" statements="71" coveredstatements="0" elements="76" coveredelements="0"/>
    </file>
    <file name="/home/ronan/workspace/GITHUB/rgWebChecker/src/zetacomponents/Configuration/file_reader.php">
      <class name="ezcConfigurationFileReader" namespace="global" fullPackage="Configuration" package="Configuration">
        <metrics methods="10" coveredmethods="0" conditionals="0" coveredconditionals="0" statements="43" coveredstatements="0" elements="53" coveredelements="0"/>
      </class>
      <line num="97" type="method" name="__construct" crap="6" count="0"/>
      <line num="99" type="stmt" count="0"/>
      <line num="100" type="stmt" count="0"/>
      <line num="101" type="stmt" count="0"/>
      <line num="102" type="stmt" count="0"/>
      <line num="103" type="stmt" count="0"/>
      <line num="122" type="method" name="init" crap="2" count="0"/>
      <line num="124" type="stmt" count="0"/>
      <line num="125" type="stmt" count="0"/>
      <line num="126" type="stmt" count="0"/>
      <line num="127" type="stmt" count="0"/>
      <line num="128" type="stmt" count="0"/>
      <line num="140" type="method" name="setOptions" crap="20" count="0"/>
      <line num="142" type="stmt" count="0"/>
      <line num="146" type="stmt" count="0"/>
      <line num="147" type="stmt" count="0"/>
      <line num="148" type="stmt" count="0"/>
      <line num="149" type="stmt" count="0"/>
      <line num="151" type="stmt" count="0"/>
      <line num="152" type="stmt" count="0"/>
      <line num="153" type="stmt" count="0"/>
      <line num="154" type="stmt" count="0"/>
      <line num="155" type="stmt" count="0"/>
      <line num="156" type="stmt" count="0"/>
      <line num="157" type="stmt" count="0"/>
      <line num="164" type="method" name="getOptions" crap="2" count="0"/>
      <line num="166" type="stmt" count="0"/>
      <line num="175" type="method" name="getConfig" crap="2" count="0"/>
      <line num="177" type="stmt" count="0"/>
      <line num="185" type="method" name="getLocation" crap="2" count="0"/>
      <line num="187" type="stmt" count="0"/>
      <line num="195" type="method" name="getName" crap="2" count="0"/>
      <line num="197" type="stmt" count="0"/>
      <line num="212" type="method" name="parseLocationPath" crap="12" count="0"/>
      <line num="214" type="stmt" count="0"/>
      <line num="215" type="stmt" count="0"/>
      <line num="216" type="stmt" count="0"/>
      <line num="217" type="stmt" count="0"/>
      <line num="218" type="stmt" count="0"/>
      <line num="219" type="stmt" count="0"/>
      <line num="220" type="stmt" count="0"/>
      <line num="221" type="stmt" count="0"/>
      <line num="222" type="stmt" count="0"/>
      <line num="223" type="stmt" count="0"/>
      <line num="225" type="stmt" count="0"/>
      <line num="226" type="stmt" count="0"/>
      <line num="235" type="method" name="getTimestamp" crap="6" count="0"/>
      <line num="237" type="stmt" count="0"/>
      <line num="238" type="stmt" count="0"/>
      <line num="239" type="stmt" count="0"/>
      <line num="241" type="stmt" count="0"/>
      <line num="249" type="method" name="configExists" crap="2" count="0"/>
      <line num="251" type="stmt" count="0"/>
      <metrics loc="254" ncloc="100" classes="1" methods="10" coveredmethods="0" conditionals="0" coveredconditionals="0" statements="43" coveredstatements="0" elements="53" coveredelements="0"/>
    </file>
    <file name="/home/ronan/workspace/GITHUB/rgWebChecker/src/zetacomponents/Configuration/file_writer.php">
      <class name="ezcConfigurationFileWriter" namespace="global" fullPackage="Configuration" package="Configuration">
        <metrics methods="11" coveredmethods="0" conditionals="0" coveredconditionals="0" statements="72" coveredstatements="0" elements="83" coveredelements="0"/>
      </class>
      <line num="107" type="method" name="__construct" crap="6" count="0"/>
      <line num="109" type="stmt" count="0"/>
      <line num="110" type="stmt" count="0"/>
      <line num="111" type="stmt" count="0"/>
      <line num="112" type="stmt" count="0"/>
      <line num="113" type="stmt" count="0"/>
      <line num="114" type="stmt" count="0"/>
      <line num="115" type="stmt" count="0"/>
      <line num="125" type="method" name="setConfig" crap="2" count="0"/>
      <line num="127" type="stmt" count="0"/>
      <line num="128" type="stmt" count="0"/>
      <line num="135" type="method" name="getLocation" crap="2" count="0"/>
      <line num="137" type="stmt" count="0"/>
      <line num="145" type="method" name="getName" crap="2" count="0"/>
      <line num="147" type="stmt" count="0"/>
      <line num="155" type="method" name="getOptions" crap="2" count="0"/>
      <line num="157" type="stmt" count="0"/>
      <line num="187" type="method" name="init" crap="2" count="0"/>
      <line num="189" type="stmt" count="0"/>
      <line num="190" type="stmt" count="0"/>
      <line num="191" type="stmt" count="0"/>
      <line num="192" type="stmt" count="0"/>
      <line num="193" type="stmt" count="0"/>
      <line num="194" type="stmt" count="0"/>
      <line num="211" type="method" name="parseLocationPath" crap="12" count="0"/>
      <line num="213" type="stmt" count="0"/>
      <line num="214" type="stmt" count="0"/>
      <line num="215" type="stmt" count="0"/>
      <line num="216" type="stmt" count="0"/>
      <line num="217" type="stmt" count="0"/>
      <line num="218" type="stmt" count="0"/>
      <line num="219" type="stmt" count="0"/>
      <line num="220" type="stmt" count="0"/>
      <line num="221" type="stmt" count="0"/>
      <line num="222" type="stmt" count="0"/>
      <line num="224" type="stmt" count="0"/>
      <line num="225" type="stmt" count="0"/>
      <line num="241" type="method" name="save" crap="12" count="0"/>
      <line num="243" type="stmt" count="0"/>
      <line num="244" type="stmt" count="0"/>
      <line num="245" type="stmt" count="0"/>
      <line num="249" type="stmt" count="0"/>
      <line num="253" type="stmt" count="0"/>
      <line num="254" type="stmt" count="0"/>
      <line num="255" type="stmt" count="0"/>
      <line num="256" type="stmt" count="0"/>
      <line num="259" type="stmt" count="0"/>
      <line num="262" type="stmt" count="0"/>
      <line num="263" type="stmt" count="0"/>
      <line num="275" type="method" name="openFile" crap="6" count="0"/>
      <line num="277" type="stmt" count="0"/>
      <line num="278" type="stmt" count="0"/>
      <line num="279" type="stmt" count="0"/>
      <line num="280" type="stmt" count="0"/>
      <line num="282" type="stmt" count="0"/>
      <line num="295" type="method" name="closeFile" crap="2" count="0"/>
      <line num="297" type="stmt" count="0"/>
      <line num="298" type="stmt" count="0"/>
      <line num="299" type="stmt" count="0"/>
      <line num="300" type="stmt" count="0"/>
      <line num="301" type="stmt" count="0"/>
      <line num="313" type="method" name="setOptions" crap="72" count="0"/>
      <line num="315" type="stmt" count="0"/>
      <line num="319" type="stmt" count="0"/>
      <line num="320" type="stmt" count="0"/>
      <line num="321" type="stmt" count="0"/>
      <line num="322" type="stmt" count="0"/>
      <line num="324" type="stmt" count="0"/>
      <line num="325" type="stmt" count="0"/>
      <line num="326" type="stmt" count="0"/>
      <line num="327" type="stmt" count="0"/>
      <line num="328" type="stmt" count="0"/>
      <line num="329" type="stmt" count="0"/>
      <line num="331" type="stmt" count="0"/>
      <line num="332" type="stmt" count="0"/>
      <line num="333" type="stmt" count="0"/>
      <line num="335" type="stmt" count="0"/>
      <line num="336" type="stmt" count="0"/>
      <line num="337" type="stmt" count="0"/>
      <line num="338" type="stmt" count="0"/>
      <line num="339" type="stmt" count="0"/>
      <line num="340" type="stmt" count="0"/>
      <line num="341" type="stmt" count="0"/>
      <metrics loc="343" ncloc="140" classes="1" methods="11" coveredmethods="0" conditionals="0" coveredconditionals="0" statements="72" coveredstatements="0" elements="83" coveredelements="0"/>
    </file>
    <file name="/home/ronan/workspace/GITHUB/rgWebChecker/src/zetacomponents/Configuration/ini/ini_parser.php">
      <class name="ezcConfigurationIniParser" namespace="global" fullPackage="Configuration" package="Configuration">
        <metrics methods="10" coveredmethods="0" conditionals="0" coveredconditionals="0" statements="118" coveredstatements="0" elements="128" coveredelements="0"/>
      </class>
      <line num="112" type="method" name="__construct" crap="6" count="0"/>
      <line num="114" type="stmt" count="0"/>
      <line num="115" type="stmt" count="0"/>
      <line num="116" type="stmt" count="0"/>
      <line num="117" type="stmt" count="0"/>
      <line num="119" type="stmt" count="0"/>
      <line num="120" type="stmt" count="0"/>
      <line num="121" type="stmt" count="0"/>
      <line num="122" type="stmt" count="0"/>
      <line num="123" type="stmt" count="0"/>
      <line num="130" type="method" name="raiseError" crap="2" count="0"/>
      <line num="132" type="stmt" count="0"/>
      <line num="133" type="stmt" count="0"/>
      <line num="146" type="method" name="emitGroupHeader" crap="6" count="0"/>
      <line num="148" type="stmt" count="0"/>
      <line num="149" type="stmt" count="0"/>
      <line num="150" type="stmt" count="0"/>
      <line num="151" type="stmt" count="0"/>
      <line num="153" type="stmt" count="0"/>
      <line num="165" type="method" name="parseIniValue" crap="132" count="0"/>
      <line num="168" type="stmt" count="0"/>
      <line num="169" type="stmt" count="0"/>
      <line num="170" type="stmt" count="0"/>
      <line num="172" type="stmt" count="0"/>
      <line num="173" type="stmt" count="0"/>
      <line num="174" type="stmt" count="0"/>
      <line num="178" type="stmt" count="0"/>
      <line num="179" type="stmt" count="0"/>
      <line num="181" type="stmt" count="0"/>
      <line num="182" type="stmt" count="0"/>
      <line num="183" type="stmt" count="0"/>
      <line num="187" type="stmt" count="0"/>
      <line num="192" type="stmt" count="0"/>
      <line num="193" type="stmt" count="0"/>
      <line num="194" type="stmt" count="0"/>
      <line num="198" type="stmt" count="0"/>
      <line num="199" type="stmt" count="0"/>
      <line num="200" type="stmt" count="0"/>
      <line num="204" type="stmt" count="0"/>
      <line num="205" type="stmt" count="0"/>
      <line num="206" type="stmt" count="0"/>
      <line num="210" type="stmt" count="0"/>
      <line num="211" type="stmt" count="0"/>
      <line num="212" type="stmt" count="0"/>
      <line num="213" type="stmt" count="0"/>
      <line num="216" type="stmt" count="0"/>
      <line num="233" type="method" name="emitSetting" crap="72" count="0"/>
      <line num="235" type="stmt" count="0"/>
      <line num="236" type="stmt" count="0"/>
      <line num="237" type="stmt" count="0"/>
      <line num="238" type="stmt" count="0"/>
      <line num="239" type="stmt" count="0"/>
      <line num="240" type="stmt" count="0"/>
      <line num="244" type="stmt" count="0"/>
      <line num="245" type="stmt" count="0"/>
      <line num="246" type="stmt" count="0"/>
      <line num="247" type="stmt" count="0"/>
[...]
      <line num="458" type="stmt" count="0"/>
      <line num="460" type="stmt" count="0"/>
      <line num="461" type="stmt" count="0"/>
      <line num="462" type="stmt" count="0"/>
      <line num="463" type="stmt" count="0"/>
      <line num="464" type="stmt" count="0"/>
      <line num="465" type="stmt" count="0"/>
      <line num="466" type="stmt" count="0"/>
      <line num="467" type="stmt" count="0"/>
      <line num="468" type="stmt" count="0"/>
      <line num="471" type="stmt" count="0"/>
      <line num="473" type="stmt" count="0"/>
      <line num="474" type="stmt" count="0"/>
      <line num="475" type="stmt" count="0"/>
      <line num="477" type="stmt" count="0"/>
      <line num="478" type="stmt" count="0"/>
      <line num="479" type="stmt" count="0"/>
      <line num="480" type="stmt" count="0"/>
      <line num="481" type="stmt" count="0"/>
      <line num="482" type="stmt" count="0"/>
      <line num="501" type="method" name="buildUrl" crap="152.15" count="8"/>
      <line num="503" type="stmt" count="8"/>
      <line num="505" type="stmt" count="8"/>
      <line num="506" type="stmt" count="8"/>
      <line num="507" type="stmt" count="8"/>
      <line num="508" type="stmt" count="8"/>
      <line num="510" type="stmt" count="8"/>
      <line num="511" type="stmt" count="8"/>
      <line num="512" type="stmt" count="7"/>
      <line num="513" type="stmt" count="7"/>
      <line num="514" type="stmt" count="0"/>
      <line num="515" type="stmt" count="0"/>
      <line num="516" type="stmt" count="0"/>
      <line num="517" type="stmt" count="0"/>
      <line num="518" type="stmt" count="0"/>
      <line num="519" type="stmt" count="0"/>
      <line num="520" type="stmt" count="0"/>
      <line num="522" type="stmt" count="7"/>
      <line num="523" type="stmt" count="7"/>
      <line num="524" type="stmt" count="7"/>
      <line num="525" type="stmt" count="0"/>
      <line num="526" type="stmt" count="0"/>
      <line num="527" type="stmt" count="7"/>
      <line num="529" type="stmt" count="8"/>
      <line num="530" type="stmt" count="8"/>
      <line num="531" type="stmt" count="0"/>
      <line num="532" type="stmt" count="0"/>
      <line num="533" type="stmt" count="0"/>
      <line num="534" type="stmt" count="0"/>
      <line num="535" type="stmt" count="0"/>
      <line num="536" type="stmt" count="0"/>
      <line num="537" type="stmt" count="0"/>
      <line num="539" type="stmt" count="0"/>
      <line num="540" type="stmt" count="0"/>
      <line num="541" type="stmt" count="0"/>
      <line num="542" type="stmt" count="0"/>
      <line num="543" type="stmt" count="0"/>
      <line num="544" type="stmt" count="0"/>
      <line num="545" type="stmt" count="0"/>
      <line num="547" type="stmt" count="0"/>
      <line num="548" type="stmt" count="0"/>
      <line num="549" type="stmt" count="0"/>
      <line num="550" type="stmt" count="0"/>
      <line num="552" type="stmt" count="0"/>
      <line num="553" type="stmt" count="0"/>
      <line num="554" type="stmt" count="0"/>
      <line num="556" type="stmt" count="0"/>
      <line num="558" type="stmt" count="0"/>
      <line num="559" type="stmt" count="0"/>
      <line num="560" type="stmt" count="0"/>
      <line num="561" type="stmt" count="0"/>
      <line num="562" type="stmt" count="0"/>
      <line num="565" type="stmt" count="8"/>
      <line num="566" type="stmt" count="8"/>
      <line num="567" type="stmt" count="6"/>
      <line num="568" type="stmt" count="6"/>
      <line num="571" type="stmt" count="8"/>
      <line num="572" type="stmt" count="8"/>
      <line num="573" type="stmt" count="0"/>
      <line num="574" type="stmt" count="0"/>
      <line num="576" type="stmt" count="8"/>
      <line num="577" type="stmt" count="8"/>
      <line num="578" type="stmt" count="0"/>
      <line num="579" type="stmt" count="0"/>
      <line num="581" type="stmt" count="8"/>
      <line num="589" type="method" name="isRelative" crap="12" count="0"/>
      <line num="591" type="stmt" count="0"/>
      <line num="592" type="stmt" count="0"/>
      <line num="593" type="stmt" count="0"/>
      <line num="595" type="stmt" count="0"/>
      <line num="643" type="method" name="getParam" crap="132" count="0"/>
      <line num="645" type="stmt" count="0"/>
      <line num="646" type="stmt" count="0"/>
      <line num="647" type="stmt" count="0"/>
      <line num="648" type="stmt" count="0"/>
      <line num="649" type="stmt" count="0"/>
      <line num="650" type="stmt" count="0"/>
      <line num="651" type="stmt" count="0"/>
      <line num="654" type="stmt" count="0"/>
      <line num="655" type="stmt" count="0"/>
      <line num="656" type="stmt" count="0"/>
      <line num="657" type="stmt" count="0"/>
      <line num="658" type="stmt" count="0"/>
      <line num="659" type="stmt" count="0"/>
      <line num="662" type="stmt" count="0"/>
      <line num="663" type="stmt" count="0"/>
      <line num="664" type="stmt" count="0"/>
      <line num="665" type="stmt" count="0"/>
      <line num="666" type="stmt" count="0"/>
      <line num="667" type="stmt" count="0"/>
      <line num="668" type="stmt" count="0"/>
      <line num="669" type="stmt" count="0"/>
      <line num="673" type="stmt" count="0"/>
      <line num="678" type="stmt" count="0"/>
      <line num="679" type="stmt" count="0"/>
      <line num="680" type="stmt" count="0"/>
      <line num="681" type="stmt" count="0"/>
      <line num="685" type="stmt" count="0"/>
      <line num="689" type="stmt" count="0"/>
      <line num="693" type="stmt" count="0"/>
      <line num="740" type="method" name="setParam" crap="156" count="0"/>
      <line num="742" type="stmt" count="0"/>
      <line num="743" type="stmt" count="0"/>
      <line num="744" type="stmt" count="0"/>
      <line num="745" type="stmt" count="0"/>
      <line num="746" type="stmt" count="0"/>
      <line num="747" type="stmt" count="0"/>
      <line num="748" type="stmt" count="0"/>
      <line num="751" type="stmt" count="0"/>
      <line num="752" type="stmt" count="0"/>
      <line num="753" type="stmt" count="0"/>
      <line num="754" type="stmt" count="0"/>
      <line num="755" type="stmt" count="0"/>
      <line num="756" type="stmt" count="0"/>
      <line num="759" type="stmt" count="0"/>
      <line num="761" type="stmt" count="0"/>
      <line num="764" type="stmt" count="0"/>
      <line num="765" type="stmt" count="0"/>
      <line num="766" type="stmt" count="0"/>
      <line num="767" type="stmt" count="0"/>
      <line num="768" type="stmt" count="0"/>
      <line num="769" type="stmt" count="0"/>
      <line num="771" type="stmt" count="0"/>
      <line num="772" type="stmt" count="0"/>
      <line num="773" type="stmt" count="0"/>
      <line num="774" type="stmt" count="0"/>
      <line num="776" type="stmt" count="0"/>
      <line num="777" type="stmt" count="0"/>
      <line num="778" type="stmt" count="0"/>
      <line num="779" type="stmt" count="0"/>
      <line num="780" type="stmt" count="0"/>
      <line num="782" type="stmt" count="0"/>
      <line num="783" type="stmt" count="0"/>
      <line num="784" type="stmt" count="0"/>
      <line num="785" type="stmt" count="0"/>
      <line num="786" type="stmt" count="0"/>
      <line num="787" type="stmt" count="0"/>
      <line num="790" type="stmt" count="0"/>
      <line num="792" type="stmt" count="0"/>
      <line num="793" type="stmt" count="0"/>
      <line num="797" type="stmt" count="0"/>
      <line num="823" type="method" name="getParams" crap="2" count="0"/>
      <line num="825" type="stmt" count="0"/>
      <line num="837" type="method" name="getQuery" crap="2" count="0"/>
      <line num="839" type="stmt" count="0"/>
      <line num="852" type="method" name="setQuery" crap="2" count="0"/>
      <line num="854" type="stmt" count="0"/>
      <line num="855" type="stmt" count="0"/>
      <line num="858" type="stmt" count="1"/>
      <metrics loc="857" ncloc="432" classes="1" methods="17" coveredmethods="5" conditionals="0" coveredconditionals="0" statements="283" coveredstatements="83" elements="300" coveredelements="88"/>
    </file>
    <file name="/home/ronan/workspace/GITHUB/rgWebChecker/src/zetacomponents/Url/url_configuration.php">
      <class name="ezcUrlConfiguration" namespace="global" fullPackage="Url" package="Url">
        <metrics methods="9" coveredmethods="0" conditionals="0" coveredconditionals="0" statements="59" coveredstatements="0" elements="68" coveredelements="0"/>
      </class>
      <line num="130" type="stmt" count="1"/>
      <line num="177" type="method" name="__construct" crap="2" count="0"/>
      <line num="179" type="stmt" count="0"/>
      <line num="180" type="stmt" count="0"/>
      <line num="181" type="stmt" count="0"/>
      <line num="182" type="stmt" count="0"/>
      <line num="183" type="stmt" count="0"/>
      <line num="184" type="stmt" count="0"/>
      <line num="191" type="method" name="getInstance" crap="6" count="0"/>
      <line num="193" type="stmt" count="0"/>
      <line num="194" type="stmt" count="0"/>
      <line num="195" type="stmt" count="0"/>
      <line num="196" type="stmt" count="0"/>
      <line num="197" type="stmt" count="0"/>
      <line num="198" type="stmt" count="0"/>
      <line num="210" type="method" name="__set" crap="42" count="0"/>
      <line num="214" type="stmt" count="0"/>
      <line num="215" type="stmt" count="0"/>
      <line num="216" type="stmt" count="0"/>
      <line num="217" type="stmt" count="0"/>
      <line num="218" type="stmt" count="0"/>
      <line num="219" type="stmt" count="0"/>
      <line num="220" type="stmt" count="0"/>
      <line num="222" type="stmt" count="0"/>
      <line num="223" type="stmt" count="0"/>
      <line num="224" type="stmt" count="0"/>
      <line num="225" type="stmt" count="0"/>
      <line num="236" type="method" name="__get" crap="42" count="0"/>
      <line num="240" type="stmt" count="0"/>
      <line num="241" type="stmt" count="0"/>
      <line num="242" type="stmt" count="0"/>
      <line num="243" type="stmt" count="0"/>
      <line num="244" type="stmt" count="0"/>
      <line num="245" type="stmt" count="0"/>
      <line num="247" type="stmt" count="0"/>
      <line num="248" type="stmt" count="0"/>
      <line num="249" type="stmt" count="0"/>
      <line num="259" type="method" name="__isset" crap="42" count="0"/>
      <line num="263" type="stmt" count="0"/>
      <line num="264" type="stmt" count="0"/>
      <line num="265" type="stmt" count="0"/>
      <line num="266" type="stmt" count="0"/>
      <line num="267" type="stmt" count="0"/>
      <line num="268" type="stmt" count="0"/>
      <line num="270" type="stmt" count="0"/>
      <line num="271" type="stmt" count="0"/>
      <line num="272" type="stmt" count="0"/>
      <line num="284" type="method" name="addOrderedParameter" crap="2" count="0"/>
      <line num="286" type="stmt" count="0"/>
      <line num="287" type="stmt" count="0"/>
      <line num="294" type="method" name="removeOrderedParameter" crap="6" count="0"/>
      <line num="296" type="stmt" count="0"/>
      <line num="297" type="stmt" count="0"/>
      <line num="298" type="stmt" count="0"/>
      <line num="299" type="stmt" count="0"/>
      <line num="300" type="stmt" count="0"/>
      <line num="342" type="method" name="addUnorderedParameter" crap="6" count="0"/>
      <line num="344" type="stmt" count="0"/>
      <line num="345" type="stmt" count="0"/>
      <line num="346" type="stmt" count="0"/>
      <line num="347" type="stmt" count="0"/>
      <line num="348" type="stmt" count="0"/>
      <line num="349" type="stmt" count="0"/>
      <line num="356" type="method" name="removeUnorderedParameter" crap="6" count="0"/>
      <line num="358" type="stmt" count="0"/>
      <line num="359" type="stmt" count="0"/>
      <line num="360" type="stmt" count="0"/>
      <line num="361" type="stmt" count="0"/>
      <line num="362" type="stmt" count="0"/>
      <line num="365" type="stmt" count="1"/>
      <metrics loc="364" ncloc="113" classes="1" methods="9" coveredmethods="0" conditionals="0" coveredconditionals="0" statements="61" coveredstatements="2" elements="70" coveredelements="2"/>
    </file>
    <file name="/home/ronan/workspace/GITHUB/rgWebChecker/src/zetacomponents/Url/url_creator.php">
      <class name="ezcUrlCreator" namespace="global" fullPackage="Url" package="Url">
        <metrics methods="3" coveredmethods="0" conditionals="0" coveredconditionals="0" statements="17" coveredstatements="0" elements="20" coveredelements="0"/>
      </class>
      <line num="52" type="stmt" count="1"/>
      <line num="68" type="method" name="registerUrl" crap="2" count="0"/>
      <line num="70" type="stmt" count="0"/>
      <line num="71" type="stmt" count="0"/>
      <line num="90" type="method" name="prependUrl" crap="6" count="0"/>
      <line num="92" type="stmt" count="0"/>
      <line num="93" type="stmt" count="0"/>
      <line num="94" type="stmt" count="0"/>
      <line num="97" type="stmt" count="0"/>
      <line num="98" type="stmt" count="0"/>
      <line num="99" type="stmt" count="0"/>
      <line num="123" type="method" name="getUrl" crap="12" count="0"/>
      <line num="125" type="stmt" count="0"/>
      <line num="126" type="stmt" count="0"/>
      <line num="127" type="stmt" count="0"/>
      <line num="130" type="stmt" count="0"/>
      <line num="131" type="stmt" count="0"/>
      <line num="132" type="stmt" count="0"/>
      <line num="134" type="stmt" count="0"/>
      <line num="135" type="stmt" count="0"/>
      <line num="137" type="stmt" count="0"/>
      <line num="141" type="stmt" count="1"/>
      <metrics loc="140" ncloc="39" classes="1" methods="3" coveredmethods="0" conditionals="0" coveredconditionals="0" statements="19" coveredstatements="2" elements="22" coveredelements="2"/>
    </file>
    <file name="/home/ronan/workspace/GITHUB/rgWebChecker/src/zetacomponents/Url/url_tools.php">
      <class name="ezcUrlTools" namespace="global" fullPackage="Url" package="Url">
        <metrics methods="2" coveredmethods="0" conditionals="0" coveredconditionals="0" statements="52" coveredstatements="0" elements="54" coveredelements="0"/>
      </class>
      <line num="41" type="stmt" count="1"/>
      <line num="69" type="method" name="parseQueryString" crap="132" count="0"/>
      <line num="71" type="stmt" count="0"/>
      <line num="75" type="stmt" count="0"/>
      <line num="77" type="stmt" count="0"/>
      <line num="78" type="stmt" count="0"/>
      <line num="79" type="stmt" count="0"/>
      <line num="80" type="stmt" count="0"/>
      <line num="81" type="stmt" count="0"/>
      <line num="84" type="stmt" count="0"/>
      <line num="85" type="stmt" count="0"/>
      <line num="87" type="stmt" count="0"/>
      <line num="88" type="stmt" count="0"/>
      <line num="89" type="stmt" count="0"/>
      <line num="90" type="stmt" count="0"/>
      <line num="91" type="stmt" count="0"/>
      <line num="93" type="stmt" count="0"/>
      <line num="94" type="stmt" count="0"/>
      <line num="95" type="stmt" count="0"/>
      <line num="96" type="stmt" count="0"/>
      <line num="99" type="stmt" count="0"/>
      <line num="102" type="stmt" count="0"/>
      <line num="103" type="stmt" count="0"/>
      <line num="104" type="stmt" count="0"/>
      <line num="105" type="stmt" count="0"/>
      <line num="106" type="stmt" count="0"/>
      <line num="108" type="stmt" count="0"/>
      <line num="109" type="stmt" count="0"/>
      <line num="111" type="stmt" count="0"/>
      <line num="112" type="stmt" count="0"/>
      <line num="113" type="stmt" count="0"/>
      <line num="114" type="stmt" count="0"/>
      <line num="115" type="stmt" count="0"/>
      <line num="116" type="stmt" count="0"/>
      <line num="117" type="stmt" count="0"/>
      <line num="118" type="stmt" count="0"/>
      <line num="119" type="stmt" count="0"/>
      <line num="121" type="stmt" count="0"/>
      <line num="162" type="method" name="getCurrentUrl" crap="72" count="0"/>
      <line num="164" type="stmt" count="0"/>
      <line num="165" type="stmt" count="0"/>
      <line num="166" type="stmt" count="0"/>
      <line num="167" type="stmt" count="0"/>
      <line num="169" type="stmt" count="0"/>
      <line num="170" type="stmt" count="0"/>
      <line num="171" type="stmt" count="0"/>
      <line num="172" type="stmt" count="0"/>
      <line num="173" type="stmt" count="0"/>
      <line num="174" type="stmt" count="0"/>
      <line num="177" type="stmt" count="0"/>
      <line num="180" type="stmt" count="0"/>
      <line num="181" type="stmt" count="0"/>
      <line num="182" type="stmt" count="0"/>
      <line num="183" type="stmt" count="0"/>
      <line num="184" type="stmt" count="0"/>
      <line num="185" type="stmt" count="0"/>
      <line num="186" type="stmt" count="0"/>
      <line num="190" type="stmt" count="1"/>
      <metrics loc="189" ncloc="81" classes="1" methods="2" coveredmethods="0" conditionals="0" coveredconditionals="0" statements="56" coveredstatements="2" elements="58" coveredelements="2"/>
    </file>
    <file name="/home/ronan/workspace/GITHUB/rgWebChecker/src/zetacomponents/autoload/log_autoload.php">
      <line num="29" type="stmt" count="1"/>
      <line num="30" type="stmt" count="1"/>
      <line num="31" type="stmt" count="1"/>
      <line num="32" type="stmt" count="1"/>
      <line num="33" type="stmt" count="1"/>
      <line num="34" type="stmt" count="1"/>
      <line num="35" type="stmt" count="1"/>
      <line num="36" type="stmt" count="1"/>
      <line num="37" type="stmt" count="1"/>
      <line num="38" type="stmt" count="1"/>
      <line num="39" type="stmt" count="1"/>
      <line num="40" type="stmt" count="1"/>
      <line num="41" type="stmt" count="1"/>
      <line num="42" type="stmt" count="1"/>
      <line num="43" type="stmt" count="1"/>
      <line num="44" type="stmt" count="1"/>
      <metrics loc="45" ncloc="20" classes="0" methods="0" coveredmethods="0" conditionals="0" coveredconditionals="0" statements="16" coveredstatements="16" elements="16" coveredelements="16"/>
    </file>
    <file name="/home/ronan/workspace/GITHUB/rgWebChecker/src/zetacomponents/autoload/url_autoload.php">
      <line num="29" type="stmt" count="1"/>
      <line num="30" type="stmt" count="1"/>
      <line num="31" type="stmt" count="1"/>
      <line num="32" type="stmt" count="1"/>
      <line num="33" type="stmt" count="1"/>
      <line num="34" type="stmt" count="1"/>
      <line num="35" type="stmt" count="1"/>
      <line num="36" type="stmt" count="1"/>
      <line num="37" type="stmt" count="1"/>
      <metrics loc="38" ncloc="13" classes="0" methods="0" coveredmethods="0" conditionals="0" coveredconditionals="0" statements="9" coveredstatements="9" elements="9" coveredelements="9"/>
    </file>
    <file name="/home/ronan/workspace/GITHUB/rgWebChecker/tests/alltests.php">
      <class name="AllTests" namespace="global" fullPackage="WebCheckerTests" package="WebCheckerTests">
        <metrics methods="1" coveredmethods="0" conditionals="0" coveredconditionals="0" statements="3" coveredstatements="0" elements="4" coveredelements="0"/>
      </class>
      <line num="23" type="method" name="suite" crap="2" count="0"/>
      <line num="25" type="stmt" count="0"/>
      <line num="27" type="stmt" count="0"/>
      <line num="30" type="stmt" count="0"/>
      <metrics loc="32" ncloc="12" classes="1" methods="1" coveredmethods="0" conditionals="0" coveredconditionals="0" statements="3" coveredstatements="0" elements="4" coveredelements="0"/>
    </file>
    <metrics files="54" loc="10351" ncloc="4101" classes="70" methods="229" coveredmethods="72" conditionals="0" coveredconditionals="0" statements="2190" coveredstatements="758" elements="2419" coveredelements="830"/>
  </project>
</coverage>
